{"/Users/cpaterson/projects/dpe/iab/iabtcf/modules/core/src/tcstring/decoders/BooleanDecoder.ts":{"path":"/Users/cpaterson/projects/dpe/iab/iabtcf/modules/core/src/tcstring/decoders/BooleanDecoder.ts","statementMap":{"0":{"start":{"line":8,"column":4},"end":{"line":8,"column":25}},"1":{"start":{"line":13,"column":8},"end":{"line":13,"column":22}}},"fnMap":{"0":{"name":"(anonymous_0)","decl":{"start":{"line":5,"column":9},"end":{"line":5,"column":15}},"loc":{"start":{"line":5,"column":29},"end":{"line":10,"column":3}}}},"branchMap":{},"s":{"0":119,"1":1},"f":{"0":119},"b":{}},"/Users/cpaterson/projects/dpe/iab/iabtcf/modules/core/src/tcstring/decoders/DateDecoder.ts":{"path":"/Users/cpaterson/projects/dpe/iab/iabtcf/modules/core/src/tcstring/decoders/DateDecoder.ts","statementMap":{"0":{"start":{"line":1,"column":0},"end":{"line":1,"column":40}},"1":{"start":{"line":8,"column":35},"end":{"line":8,"column":51}},"2":{"start":{"line":9,"column":23},"end":{"line":9,"column":33}},"3":{"start":{"line":11,"column":4},"end":{"line":11,"column":53}},"4":{"start":{"line":13,"column":4},"end":{"line":13,"column":16}},"5":{"start":{"line":4,"column":0},"end":{"line":4,"column":13}}},"fnMap":{"0":{"name":"(anonymous_0)","decl":{"start":{"line":6,"column":9},"end":{"line":6,"column":15}},"loc":{"start":{"line":6,"column":33},"end":{"line":15,"column":3}}}},"branchMap":{},"s":{"0":1,"1":1,"2":1,"3":1,"4":1,"5":1},"f":{"0":1},"b":{}},"/Users/cpaterson/projects/dpe/iab/iabtcf/modules/core/src/tcstring/decoders/IntDecoder.ts":{"path":"/Users/cpaterson/projects/dpe/iab/iabtcf/modules/core/src/tcstring/decoders/IntDecoder.ts","statementMap":{"0":{"start":{"line":7,"column":4},"end":{"line":7,"column":30}},"1":{"start":{"line":13,"column":8},"end":{"line":13,"column":18}}},"fnMap":{"0":{"name":"(anonymous_0)","decl":{"start":{"line":5,"column":9},"end":{"line":5,"column":15}},"loc":{"start":{"line":5,"column":29},"end":{"line":9,"column":3}}}},"branchMap":{},"s":{"0":47,"1":1},"f":{"0":47},"b":{}},"/Users/cpaterson/projects/dpe/iab/iabtcf/modules/core/src/tcstring/encoders/DateEncoder.ts":{"path":"/Users/cpaterson/projects/dpe/iab/iabtcf/modules/core/src/tcstring/encoders/DateEncoder.ts","statementMap":{"0":{"start":{"line":1,"column":0},"end":{"line":1,"column":40}},"1":{"start":{"line":8,"column":35},"end":{"line":8,"column":51}},"2":{"start":{"line":10,"column":4},"end":{"line":10,"column":70}},"3":{"start":{"line":4,"column":0},"end":{"line":4,"column":13}}},"fnMap":{"0":{"name":"(anonymous_0)","decl":{"start":{"line":6,"column":9},"end":{"line":6,"column":15}},"loc":{"start":{"line":6,"column":43},"end":{"line":12,"column":3}}}},"branchMap":{},"s":{"0":1,"1":5,"2":5,"3":1},"f":{"0":5},"b":{}},"/Users/cpaterson/projects/dpe/iab/iabtcf/modules/core/src/tcstring/encoders/IntEncoder.ts":{"path":"/Users/cpaterson/projects/dpe/iab/iabtcf/modules/core/src/tcstring/encoders/IntEncoder.ts","statementMap":{"0":{"start":{"line":1,"column":0},"end":{"line":1,"column":43}},"1":{"start":{"line":8,"column":20},"end":{"line":8,"column":37}},"2":{"start":{"line":10,"column":4},"end":{"line":14,"column":null}},"3":{"start":{"line":12,"column":6},"end":{"line":12,"column":78}},"4":{"start":{"line":17,"column":4},"end":{"line":22,"column":null}},"5":{"start":{"line":20,"column":6},"end":{"line":20,"column":69}},"6":{"start":{"line":24,"column":4},"end":{"line":24,"column":21}},"7":{"start":{"line":30,"column":8},"end":{"line":30,"column":18}}},"fnMap":{"0":{"name":"(anonymous_0)","decl":{"start":{"line":6,"column":9},"end":{"line":6,"column":15}},"loc":{"start":{"line":6,"column":30},"end":{"line":26,"column":3}}}},"branchMap":{"0":{"loc":{"start":{"line":10,"column":4},"end":{"line":14,"column":null}},"type":"if","locations":[{"start":{"line":10,"column":4},"end":{"line":14,"column":null}},{"start":{"line":10,"column":4},"end":{"line":14,"column":null}}]},"1":{"loc":{"start":{"line":10,"column":8},"end":{"line":10,"column":34}},"type":"binary-expr","locations":[{"start":{"line":10,"column":8},"end":{"line":10,"column":34}},{"start":{"line":10,"column":38},"end":{"line":10,"column":47}}]},"2":{"loc":{"start":{"line":17,"column":4},"end":{"line":22,"column":null}},"type":"if","locations":[{"start":{"line":17,"column":4},"end":{"line":22,"column":null}},{"start":{"line":17,"column":4},"end":{"line":22,"column":null}}]}},"s":{"0":1,"1":89,"2":89,"3":4,"4":85,"5":83,"6":85,"7":1},"f":{"0":89},"b":{"0":[4,85],"1":[89,86],"2":[83,2]}},"/Users/cpaterson/projects/dpe/iab/iabtcf/modules/core/src/errors/index.ts":{"path":"/Users/cpaterson/projects/dpe/iab/iabtcf/modules/core/src/errors/index.ts","statementMap":{"0":{"start":{"line":1,"column":0},"end":{"line":1,"column":32}},"1":{"start":{"line":2,"column":0},"end":{"line":2,"column":32}},"2":{"start":{"line":3,"column":0},"end":{"line":3,"column":27}},"3":{"start":{"line":4,"column":0},"end":{"line":4,"column":31}}},"fnMap":{},"branchMap":{},"s":{"0":1,"1":1,"2":1,"3":1},"f":{},"b":{}},"/Users/cpaterson/projects/dpe/iab/iabtcf/modules/core/src/errors/DecodingError.ts":{"path":"/Users/cpaterson/projects/dpe/iab/iabtcf/modules/core/src/errors/DecodingError.ts","statementMap":{"0":{"start":{"line":16,"column":4},"end":{"line":16,"column":15}},"1":{"start":{"line":17,"column":4},"end":{"line":17,"column":32}},"2":{"start":{"line":23,"column":8},"end":{"line":23,"column":21}}},"fnMap":{"0":{"name":"(anonymous_0)","decl":{"start":{"line":14,"column":2},"end":{"line":14,"column":21}},"loc":{"start":{"line":14,"column":32},"end":{"line":19,"column":3}}}},"branchMap":{},"s":{"0":1,"1":1,"2":1},"f":{"0":1},"b":{}},"/Users/cpaterson/projects/dpe/iab/iabtcf/modules/core/src/errors/EncodingError.ts":{"path":"/Users/cpaterson/projects/dpe/iab/iabtcf/modules/core/src/errors/EncodingError.ts","statementMap":{"0":{"start":{"line":16,"column":4},"end":{"line":16,"column":15}},"1":{"start":{"line":17,"column":4},"end":{"line":17,"column":32}},"2":{"start":{"line":22,"column":8},"end":{"line":22,"column":21}}},"fnMap":{"0":{"name":"(anonymous_0)","decl":{"start":{"line":14,"column":2},"end":{"line":14,"column":21}},"loc":{"start":{"line":14,"column":32},"end":{"line":19,"column":3}}}},"branchMap":{},"s":{"0":7,"1":7,"2":1},"f":{"0":7},"b":{}},"/Users/cpaterson/projects/dpe/iab/iabtcf/modules/core/src/errors/GVLError.ts":{"path":"/Users/cpaterson/projects/dpe/iab/iabtcf/modules/core/src/errors/GVLError.ts","statementMap":{"0":{"start":{"line":16,"column":4},"end":{"line":16,"column":15}},"1":{"start":{"line":17,"column":4},"end":{"line":17,"column":27}},"2":{"start":{"line":23,"column":8},"end":{"line":23,"column":16}}},"fnMap":{"0":{"name":"(anonymous_0)","decl":{"start":{"line":14,"column":2},"end":{"line":14,"column":21}},"loc":{"start":{"line":14,"column":32},"end":{"line":19,"column":3}}}},"branchMap":{},"s":{"0":10,"1":10,"2":1},"f":{"0":10},"b":{}},"/Users/cpaterson/projects/dpe/iab/iabtcf/modules/core/src/errors/TCModelError.ts":{"path":"/Users/cpaterson/projects/dpe/iab/iabtcf/modules/core/src/errors/TCModelError.ts","statementMap":{"0":{"start":{"line":18,"column":4},"end":{"line":18,"column":73}},"1":{"start":{"line":19,"column":4},"end":{"line":19,"column":31}},"2":{"start":{"line":25,"column":8},"end":{"line":25,"column":20}}},"fnMap":{"0":{"name":"(anonymous_0)","decl":{"start":{"line":16,"column":2},"end":{"line":16,"column":21}},"loc":{"start":{"line":16,"column":74},"end":{"line":21,"column":3}}}},"branchMap":{"0":{"loc":{"start":{"line":16,"column":72},"end":{"line":16,"column":74}},"type":"default-arg","locations":[{"start":{"line":16,"column":72},"end":{"line":16,"column":74}}]}},"s":{"0":24,"1":24,"2":1},"f":{"0":24},"b":{"0":[20]}},"/Users/cpaterson/projects/dpe/iab/iabtcf/modules/core/src/tcstring/decoders/FixedVectorDecoder.ts":{"path":"/Users/cpaterson/projects/dpe/iab/iabtcf/modules/core/src/tcstring/decoders/FixedVectorDecoder.ts","statementMap":{"0":{"start":{"line":1,"column":0},"end":{"line":1,"column":48}},"1":{"start":{"line":3,"column":0},"end":{"line":3,"column":42}},"2":{"start":{"line":9,"column":27},"end":{"line":9,"column":39}},"3":{"start":{"line":10,"column":40},"end":{"line":10,"column":60}},"4":{"start":{"line":12,"column":4},"end":{"line":20,"column":null}},"5":{"start":{"line":12,"column":17},"end":{"line":12,"column":18}},"6":{"start":{"line":14,"column":6},"end":{"line":18,"column":null}},"7":{"start":{"line":16,"column":8},"end":{"line":16,"column":22}},"8":{"start":{"line":22,"column":4},"end":{"line":22,"column":18}},"9":{"start":{"line":5,"column":0},"end":{"line":5,"column":13}}},"fnMap":{"0":{"name":"(anonymous_0)","decl":{"start":{"line":7,"column":9},"end":{"line":7,"column":15}},"loc":{"start":{"line":7,"column":29},"end":{"line":24,"column":3}}}},"branchMap":{"0":{"loc":{"start":{"line":14,"column":6},"end":{"line":18,"column":null}},"type":"if","locations":[{"start":{"line":14,"column":6},"end":{"line":18,"column":null}},{"start":{"line":14,"column":6},"end":{"line":18,"column":null}}]}},"s":{"0":1,"1":1,"2":5,"3":5,"4":5,"5":5,"6":103,"7":89,"8":5,"9":1},"f":{"0":5},"b":{"0":[89,14]}},"/Users/cpaterson/projects/dpe/iab/iabtcf/modules/core/src/model/Vector.ts":{"path":"/Users/cpaterson/projects/dpe/iab/iabtcf/modules/core/src/model/Vector.ts","statementMap":{"0":{"start":{"line":1,"column":0},"end":{"line":1,"column":39}},"1":{"start":{"line":10,"column":10},"end":{"line":10,"column":29}},"2":{"start":{"line":14,"column":10},"end":{"line":14,"column":48}},"3":{"start":{"line":24,"column":4},"end":{"line":28,"column":null}},"4":{"start":{"line":26,"column":6},"end":{"line":26,"column":20}},"5":{"start":{"line":39,"column":4},"end":{"line":39,"column":23}},"6":{"start":{"line":54,"column":4},"end":{"line":54,"column":29}},"7":{"start":{"line":65,"column":4},"end":{"line":88,"column":null}},"8":{"start":{"line":67,"column":6},"end":{"line":67,"column":47}},"9":{"start":{"line":67,"column":31},"end":{"line":67,"column":45}},"10":{"start":{"line":71,"column":6},"end":{"line":71,"column":27}},"11":{"start":{"line":73,"column":6},"end":{"line":86,"column":null}},"12":{"start":{"line":79,"column":8},"end":{"line":79,"column":24}},"13":{"start":{"line":80,"column":8},"end":{"line":84,"column":11}},"14":{"start":{"line":82,"column":10},"end":{"line":82,"column":49}},"15":{"start":{"line":102,"column":4},"end":{"line":120,"column":null}},"16":{"start":{"line":104,"column":6},"end":{"line":104,"column":45}},"17":{"start":{"line":104,"column":31},"end":{"line":104,"column":43}},"18":{"start":{"line":108,"column":6},"end":{"line":115,"column":null}},"19":{"start":{"line":113,"column":8},"end":{"line":113,"column":72}},"20":{"start":{"line":117,"column":6},"end":{"line":117,"column":24}},"21":{"start":{"line":118,"column":6},"end":{"line":118,"column":45}},"22":{"start":{"line":125,"column":4},"end":{"line":125,"column":34}},"23":{"start":{"line":142,"column":4},"end":{"line":146,"column":null}},"24":{"start":{"line":142,"column":17},"end":{"line":142,"column":18}},"25":{"start":{"line":144,"column":6},"end":{"line":144,"column":31}},"26":{"start":{"line":151,"column":8},"end":{"line":151,"column":14}}},"fnMap":{"0":{"name":"(anonymous_0)","decl":{"start":{"line":22,"column":2},"end":{"line":22,"column":21}},"loc":{"start":{"line":22,"column":34},"end":{"line":30,"column":3}}},"1":{"name":"(anonymous_1)","decl":{"start":{"line":37,"column":2},"end":{"line":37,"column":13}},"loc":{"start":{"line":37,"column":18},"end":{"line":41,"column":3}}},"2":{"name":"(anonymous_2)","decl":{"start":{"line":49,"column":9},"end":{"line":49,"column":12}},"loc":{"start":{"line":49,"column":23},"end":{"line":56,"column":3}}},"3":{"name":"(anonymous_3)","decl":{"start":{"line":63,"column":9},"end":{"line":63,"column":14}},"loc":{"start":{"line":63,"column":26},"end":{"line":90,"column":3}}},"4":{"name":"(anonymous_4)","decl":{"start":{"line":67,"column":17},"end":{"line":67,"column":18}},"loc":{"start":{"line":67,"column":31},"end":{"line":67,"column":45}}},"5":{"name":"(anonymous_5)","decl":{"start":{"line":80,"column":26},"end":{"line":80,"column":27}},"loc":{"start":{"line":80,"column":47},"end":{"line":84,"column":9}}},"6":{"name":"(anonymous_6)","decl":{"start":{"line":100,"column":9},"end":{"line":100,"column":12}},"loc":{"start":{"line":100,"column":24},"end":{"line":122,"column":3}}},"7":{"name":"(anonymous_7)","decl":{"start":{"line":104,"column":17},"end":{"line":104,"column":18}},"loc":{"start":{"line":104,"column":31},"end":{"line":104,"column":43}}},"8":{"name":"(anonymous_8)","decl":{"start":{"line":123,"column":9},"end":{"line":123,"column":14}},"loc":{"start":{"line":123,"column":14},"end":{"line":127,"column":3}}},"9":{"name":"(anonymous_9)","decl":{"start":{"line":140,"column":9},"end":{"line":140,"column":16}},"loc":{"start":{"line":140,"column":63},"end":{"line":148,"column":3}}}},"branchMap":{"0":{"loc":{"start":{"line":24,"column":4},"end":{"line":28,"column":null}},"type":"if","locations":[{"start":{"line":24,"column":4},"end":{"line":28,"column":null}},{"start":{"line":24,"column":4},"end":{"line":28,"column":null}}]},"1":{"loc":{"start":{"line":65,"column":4},"end":{"line":88,"column":null}},"type":"if","locations":[{"start":{"line":65,"column":4},"end":{"line":88,"column":null}},{"start":{"line":65,"column":4},"end":{"line":88,"column":null}}]},"2":{"loc":{"start":{"line":73,"column":6},"end":{"line":86,"column":null}},"type":"if","locations":[{"start":{"line":73,"column":6},"end":{"line":86,"column":null}},{"start":{"line":73,"column":6},"end":{"line":86,"column":null}}]},"3":{"loc":{"start":{"line":102,"column":4},"end":{"line":120,"column":null}},"type":"if","locations":[{"start":{"line":102,"column":4},"end":{"line":120,"column":null}},{"start":{"line":102,"column":4},"end":{"line":120,"column":null}}]},"4":{"loc":{"start":{"line":108,"column":6},"end":{"line":115,"column":null}},"type":"if","locations":[{"start":{"line":108,"column":6},"end":{"line":115,"column":null}},{"start":{"line":108,"column":6},"end":{"line":115,"column":null}}]},"5":{"loc":{"start":{"line":108,"column":12},"end":{"line":108,"column":32}},"type":"binary-expr","locations":[{"start":{"line":108,"column":12},"end":{"line":108,"column":32}},{"start":{"line":108,"column":36},"end":{"line":108,"column":42}}]}},"s":{"0":1,"1":310,"2":310,"3":310,"4":1,"5":4264,"6":4109,"7":105,"8":1,"9":2,"10":104,"11":104,"12":3,"13":3,"14":7,"15":2145,"16":4,"17":28,"18":2141,"19":0,"20":2141,"21":2141,"22":25,"23":25,"24":25,"25":1951,"26":1},"f":{"0":310,"1":4264,"2":4109,"3":105,"4":2,"5":7,"6":2145,"7":28,"8":25,"9":25},"b":{"0":[1,309],"1":[1,104],"2":[3,101],"3":[4,2141],"4":[0,2141],"5":[2141,2141]}},"/Users/cpaterson/projects/dpe/iab/iabtcf/modules/core/src/tcstring/decoders/LangDecoder.ts":{"path":"/Users/cpaterson/projects/dpe/iab/iabtcf/modules/core/src/tcstring/decoders/LangDecoder.ts","statementMap":{"0":{"start":{"line":1,"column":0},"end":{"line":1,"column":40}},"1":{"start":{"line":3,"column":0},"end":{"line":3,"column":43}},"2":{"start":{"line":12,"column":4},"end":{"line":27,"column":null}},"3":{"start":{"line":14,"column":37},"end":{"line":14,"column":53}},"4":{"start":{"line":15,"column":26},"end":{"line":15,"column":28}},"5":{"start":{"line":16,"column":26},"end":{"line":16,"column":40}},"6":{"start":{"line":17,"column":26},"end":{"line":17,"column":78}},"7":{"start":{"line":18,"column":27},"end":{"line":18,"column":76}},"8":{"start":{"line":21,"column":6},"end":{"line":21,"column":82}},"9":{"start":{"line":25,"column":6},"end":{"line":25,"column":65}},"10":{"start":{"line":29,"column":4},"end":{"line":29,"column":16}},"11":{"start":{"line":34,"column":8},"end":{"line":34,"column":19}}},"fnMap":{"0":{"name":"(anonymous_0)","decl":{"start":{"line":7,"column":9},"end":{"line":7,"column":15}},"loc":{"start":{"line":7,"column":29},"end":{"line":31,"column":3}}}},"branchMap":{"0":{"loc":{"start":{"line":12,"column":4},"end":{"line":27,"column":null}},"type":"if","locations":[{"start":{"line":12,"column":4},"end":{"line":27,"column":null}},{"start":{"line":12,"column":4},"end":{"line":27,"column":null}}]}},"s":{"0":1,"1":1,"2":2,"3":1,"4":1,"5":1,"6":1,"7":1,"8":1,"9":1,"10":1,"11":1},"f":{"0":2},"b":{"0":[1,1]}},"/Users/cpaterson/projects/dpe/iab/iabtcf/modules/core/src/tcstring/encoders/LangEncoder.ts":{"path":"/Users/cpaterson/projects/dpe/iab/iabtcf/modules/core/src/tcstring/encoders/LangEncoder.ts","statementMap":{"0":{"start":{"line":1,"column":0},"end":{"line":1,"column":40}},"1":{"start":{"line":3,"column":0},"end":{"line":3,"column":43}},"2":{"start":{"line":9,"column":4},"end":{"line":9,"column":32}},"3":{"start":{"line":10,"column":35},"end":{"line":10,"column":51}},"4":{"start":{"line":12,"column":24},"end":{"line":12,"column":26}},"5":{"start":{"line":13,"column":32},"end":{"line":13,"column":65}},"6":{"start":{"line":15,"column":33},"end":{"line":15,"column":66}},"7":{"start":{"line":18,"column":4},"end":{"line":22,"column":null}},"8":{"start":{"line":20,"column":6},"end":{"line":20,"column":65}},"9":{"start":{"line":23,"column":4},"end":{"line":27,"column":null}},"10":{"start":{"line":25,"column":6},"end":{"line":25,"column":79}},"11":{"start":{"line":29,"column":4},"end":{"line":29,"column":24}},"12":{"start":{"line":30,"column":39},"end":{"line":30,"column":78}},"13":{"start":{"line":31,"column":40},"end":{"line":31,"column":80}},"14":{"start":{"line":33,"column":4},"end":{"line":33,"column":52}},"15":{"start":{"line":38,"column":8},"end":{"line":38,"column":19}}},"fnMap":{"0":{"name":"(anonymous_0)","decl":{"start":{"line":7,"column":9},"end":{"line":7,"column":15}},"loc":{"start":{"line":7,"column":46},"end":{"line":35,"column":3}}}},"branchMap":{"0":{"loc":{"start":{"line":18,"column":4},"end":{"line":22,"column":null}},"type":"if","locations":[{"start":{"line":18,"column":4},"end":{"line":22,"column":null}},{"start":{"line":18,"column":4},"end":{"line":22,"column":null}}]},"1":{"loc":{"start":{"line":18,"column":8},"end":{"line":18,"column":23}},"type":"binary-expr","locations":[{"start":{"line":18,"column":8},"end":{"line":18,"column":23}},{"start":{"line":18,"column":27},"end":{"line":18,"column":43}},{"start":{"line":18,"column":47},"end":{"line":18,"column":63}},{"start":{"line":18,"column":67},"end":{"line":18,"column":84}}]},"2":{"loc":{"start":{"line":23,"column":4},"end":{"line":27,"column":null}},"type":"if","locations":[{"start":{"line":23,"column":4},"end":{"line":27,"column":null}},{"start":{"line":23,"column":4},"end":{"line":27,"column":null}}]}},"s":{"0":1,"1":1,"2":14,"3":14,"4":14,"5":14,"6":14,"7":14,"8":2,"9":12,"10":1,"11":11,"12":11,"13":10,"14":10,"15":1},"f":{"0":14},"b":{"0":[2,12],"1":[14,13,12,12],"2":[1,11]}},"/Users/cpaterson/projects/dpe/iab/iabtcf/modules/core/src/tcstring/decoders/VendorVectorDecoder.ts":{"path":"/Users/cpaterson/projects/dpe/iab/iabtcf/modules/core/src/tcstring/decoders/VendorVectorDecoder.ts","statementMap":{"0":{"start":{"line":2,"column":0},"end":{"line":2,"column":57}},"1":{"start":{"line":3,"column":0},"end":{"line":3,"column":40}},"2":{"start":{"line":4,"column":0},"end":{"line":4,"column":48}},"3":{"start":{"line":5,"column":0},"end":{"line":5,"column":56}},"4":{"start":{"line":6,"column":0},"end":{"line":6,"column":39}},"5":{"start":{"line":7,"column":0},"end":{"line":7,"column":42}},"6":{"start":{"line":15,"column":35},"end":{"line":15,"column":51}},"7":{"start":{"line":16,"column":40},"end":{"line":16,"column":60}},"8":{"start":{"line":19,"column":4},"end":{"line":19,"column":19}},"9":{"start":{"line":21,"column":26},"end":{"line":21,"column":86}},"10":{"start":{"line":23,"column":4},"end":{"line":23,"column":34}},"11":{"start":{"line":25,"column":45},"end":{"line":25,"column":88}},"12":{"start":{"line":27,"column":4},"end":{"line":27,"column":20}},"13":{"start":{"line":32,"column":4},"end":{"line":126,"column":null}},"14":{"start":{"line":34,"column":36},"end":{"line":34,"column":80}},"15":{"start":{"line":36,"column":6},"end":{"line":36,"column":22}},"16":{"start":{"line":37,"column":6},"end":{"line":37,"column":28}},"17":{"start":{"line":40,"column":6},"end":{"line":48,"column":null}},"18":{"start":{"line":42,"column":8},"end":{"line":46,"column":null}},"19":{"start":{"line":42,"column":20},"end":{"line":42,"column":21}},"20":{"start":{"line":44,"column":10},"end":{"line":44,"column":24}},"21":{"start":{"line":50,"column":33},"end":{"line":50,"column":98}},"22":{"start":{"line":52,"column":6},"end":{"line":52,"column":41}},"23":{"start":{"line":55,"column":6},"end":{"line":115,"column":null}},"24":{"start":{"line":55,"column":19},"end":{"line":55,"column":20}},"25":{"start":{"line":58,"column":35},"end":{"line":58,"column":79}},"26":{"start":{"line":60,"column":8},"end":{"line":60,"column":24}},"27":{"start":{"line":66,"column":32},"end":{"line":66,"column":95}},"28":{"start":{"line":68,"column":8},"end":{"line":68,"column":41}},"29":{"start":{"line":71,"column":8},"end":{"line":113,"column":null}},"30":{"start":{"line":73,"column":35},"end":{"line":73,"column":98}},"31":{"start":{"line":75,"column":10},"end":{"line":75,"column":43}},"32":{"start":{"line":78,"column":10},"end":{"line":95,"column":null}},"33":{"start":{"line":78,"column":23},"end":{"line":78,"column":30}},"34":{"start":{"line":85,"column":12},"end":{"line":93,"column":null}},"35":{"start":{"line":87,"column":14},"end":{"line":87,"column":30}},"36":{"start":{"line":91,"column":14},"end":{"line":91,"column":28}},"37":{"start":{"line":103,"column":10},"end":{"line":111,"column":null}},"38":{"start":{"line":105,"column":12},"end":{"line":105,"column":34}},"39":{"start":{"line":109,"column":12},"end":{"line":109,"column":32}},"40":{"start":{"line":120,"column":40},"end":{"line":120,"column":64}},"41":{"start":{"line":121,"column":23},"end":{"line":121,"column":54}},"42":{"start":{"line":123,"column":6},"end":{"line":123,"column":26}},"43":{"start":{"line":124,"column":6},"end":{"line":124,"column":38}},"44":{"start":{"line":128,"column":4},"end":{"line":128,"column":18}},"45":{"start":{"line":134,"column":4},"end":{"line":134,"column":22}},"46":{"start":{"line":9,"column":0},"end":{"line":9,"column":13}}},"fnMap":{"0":{"name":"(anonymous_0)","decl":{"start":{"line":13,"column":9},"end":{"line":13,"column":15}},"loc":{"start":{"line":13,"column":29},"end":{"line":130,"column":3}}},"1":{"name":"(anonymous_1)","decl":{"start":{"line":132,"column":9},"end":{"line":132,"column":21}},"loc":{"start":{"line":132,"column":21},"end":{"line":136,"column":3}}}},"branchMap":{"0":{"loc":{"start":{"line":32,"column":4},"end":{"line":126,"column":null}},"type":"if","locations":[{"start":{"line":32,"column":4},"end":{"line":126,"column":null}},{"start":{"line":32,"column":4},"end":{"line":126,"column":null}}]},"1":{"loc":{"start":{"line":40,"column":6},"end":{"line":48,"column":null}},"type":"if","locations":[{"start":{"line":40,"column":6},"end":{"line":48,"column":null}},{"start":{"line":40,"column":6},"end":{"line":48,"column":null}}]},"2":{"loc":{"start":{"line":71,"column":8},"end":{"line":113,"column":null}},"type":"if","locations":[{"start":{"line":71,"column":8},"end":{"line":113,"column":null}},{"start":{"line":71,"column":8},"end":{"line":113,"column":null}}]},"3":{"loc":{"start":{"line":85,"column":12},"end":{"line":93,"column":null}},"type":"if","locations":[{"start":{"line":85,"column":12},"end":{"line":93,"column":null}},{"start":{"line":85,"column":12},"end":{"line":93,"column":null}}]},"4":{"loc":{"start":{"line":103,"column":10},"end":{"line":111,"column":null}},"type":"if","locations":[{"start":{"line":103,"column":10},"end":{"line":111,"column":null}},{"start":{"line":103,"column":10},"end":{"line":111,"column":null}}]}},"s":{"0":1,"1":1,"2":1,"3":1,"4":1,"5":1,"6":9,"7":9,"8":9,"9":9,"10":9,"11":9,"12":9,"13":9,"14":5,"15":5,"16":5,"17":5,"18":1,"19":1,"20":100,"21":5,"22":5,"23":5,"24":5,"25":9,"26":9,"27":9,"28":9,"29":9,"30":9,"31":9,"32":9,"33":9,"34":741,"35":99,"36":642,"37":0,"38":0,"39":0,"40":4,"41":4,"42":4,"43":4,"44":9,"45":0,"46":1},"f":{"0":9,"1":0},"b":{"0":[5,4],"1":[1,4],"2":[9,0],"3":[99,642],"4":[0,0]}},"/Users/cpaterson/projects/dpe/iab/iabtcf/modules/core/src/tcstring/VectorEncodingType.ts":{"path":"/Users/cpaterson/projects/dpe/iab/iabtcf/modules/core/src/tcstring/VectorEncodingType.ts","statementMap":{"0":{"start":{"line":1,"column":0},"end":{"line":1,"column":null}},"1":{"start":{"line":2,"column":2},"end":{"line":2,"column":null}},"2":{"start":{"line":3,"column":2},"end":{"line":3,"column":null}}},"fnMap":{"0":{"name":"(anonymous_0)","decl":{"start":{"line":1,"column":0},"end":{"line":1,"column":12}},"loc":{"start":{"line":1,"column":30},"end":{"line":4,"column":1}}}},"branchMap":{"0":{"loc":{"start":{"line":1,"column":12},"end":{"line":1,"column":30}},"type":"binary-expr","locations":[{"start":{"line":1,"column":12},"end":{"line":1,"column":30}},{"start":{"line":1,"column":12},"end":{"line":1,"column":null}}]}},"s":{"0":1,"1":1,"2":1},"f":{"0":1},"b":{"0":[1,1]}},"/Users/cpaterson/projects/dpe/iab/iabtcf/modules/core/src/tcstring/BitLength.ts":{"path":"/Users/cpaterson/projects/dpe/iab/iabtcf/modules/core/src/tcstring/BitLength.ts","statementMap":{"0":{"start":{"line":3,"column":25},"end":{"line":3,"column":45}},"1":{"start":{"line":4,"column":25},"end":{"line":4,"column":47}},"2":{"start":{"line":5,"column":25},"end":{"line":5,"column":46}},"3":{"start":{"line":6,"column":25},"end":{"line":6,"column":50}},"4":{"start":{"line":7,"column":25},"end":{"line":7,"column":44}},"5":{"start":{"line":8,"column":25},"end":{"line":8,"column":49}},"6":{"start":{"line":9,"column":25},"end":{"line":9,"column":51}},"7":{"start":{"line":10,"column":25},"end":{"line":10,"column":54}},"8":{"start":{"line":11,"column":25},"end":{"line":11,"column":56}},"9":{"start":{"line":12,"column":25},"end":{"line":12,"column":51}},"10":{"start":{"line":13,"column":25},"end":{"line":13,"column":55}},"11":{"start":{"line":14,"column":25},"end":{"line":14,"column":58}},"12":{"start":{"line":15,"column":25},"end":{"line":15,"column":59}},"13":{"start":{"line":16,"column":25},"end":{"line":16,"column":54}},"14":{"start":{"line":17,"column":25},"end":{"line":17,"column":60}},"15":{"start":{"line":18,"column":25},"end":{"line":18,"column":47}},"16":{"start":{"line":19,"column":25},"end":{"line":19,"column":47}},"17":{"start":{"line":20,"column":25},"end":{"line":20,"column":49}},"18":{"start":{"line":21,"column":25},"end":{"line":21,"column":44}},"19":{"start":{"line":22,"column":25},"end":{"line":22,"column":53}},"20":{"start":{"line":23,"column":25},"end":{"line":23,"column":54}},"21":{"start":{"line":27,"column":8},"end":{"line":27,"column":17}}},"fnMap":{},"branchMap":{},"s":{"0":1,"1":1,"2":1,"3":1,"4":1,"5":1,"6":1,"7":1,"8":1,"9":1,"10":1,"11":1,"12":1,"13":1,"14":1,"15":1,"16":1,"17":1,"18":1,"19":1,"20":1,"21":1},"f":{},"b":{}},"/Users/cpaterson/projects/dpe/iab/iabtcf/modules/core/src/tcstring/encoders/VendorVectorEncoder.ts":{"path":"/Users/cpaterson/projects/dpe/iab/iabtcf/modules/core/src/tcstring/encoders/VendorVectorEncoder.ts","statementMap":{"0":{"start":{"line":2,"column":0},"end":{"line":2,"column":57}},"1":{"start":{"line":3,"column":0},"end":{"line":3,"column":40}},"2":{"start":{"line":4,"column":0},"end":{"line":4,"column":48}},"3":{"start":{"line":5,"column":0},"end":{"line":5,"column":39}},"4":{"start":{"line":11,"column":10},"end":{"line":11,"column":52}},"5":{"start":{"line":12,"column":10},"end":{"line":12,"column":57}},"6":{"start":{"line":19,"column":26},"end":{"line":19,"column":28}},"7":{"start":{"line":20,"column":20},"end":{"line":20,"column":22}},"8":{"start":{"line":22,"column":4},"end":{"line":22,"column":21}},"9":{"start":{"line":23,"column":4},"end":{"line":23,"column":30}},"10":{"start":{"line":25,"column":19},"end":{"line":25,"column":21}},"11":{"start":{"line":27,"column":4},"end":{"line":67,"column":7}},"12":{"start":{"line":30,"column":6},"end":{"line":30,"column":48}},"13":{"start":{"line":36,"column":6},"end":{"line":65,"column":null}},"14":{"start":{"line":41,"column":26},"end":{"line":41,"column":43}},"15":{"start":{"line":44,"column":8},"end":{"line":63,"column":null}},"16":{"start":{"line":50,"column":10},"end":{"line":50,"column":24}},"17":{"start":{"line":53,"column":10},"end":{"line":53,"column":34}},"18":{"start":{"line":56,"column":10},"end":{"line":56,"column":21}},"19":{"start":{"line":58,"column":15},"end":{"line":63,"column":null}},"20":{"start":{"line":61,"column":10},"end":{"line":61,"column":24}},"21":{"start":{"line":70,"column":45},"end":{"line":72,"column":32}},"22":{"start":{"line":75,"column":4},"end":{"line":75,"column":68}},"23":{"start":{"line":78,"column":4},"end":{"line":78,"column":35}},"24":{"start":{"line":80,"column":4},"end":{"line":88,"column":null}},"25":{"start":{"line":82,"column":6},"end":{"line":82,"column":45}},"26":{"start":{"line":86,"column":6},"end":{"line":86,"column":28}},"27":{"start":{"line":90,"column":4},"end":{"line":90,"column":21}},"28":{"start":{"line":92,"column":4},"end":{"line":92,"column":21}},"29":{"start":{"line":98,"column":23},"end":{"line":98,"column":41}},"30":{"start":{"line":101,"column":22},"end":{"line":101,"column":76}},"31":{"start":{"line":104,"column":4},"end":{"line":104,"column":76}},"32":{"start":{"line":108,"column":4},"end":{"line":127,"column":7}},"33":{"start":{"line":111,"column":22},"end":{"line":111,"column":40}},"34":{"start":{"line":115,"column":6},"end":{"line":115,"column":50}},"35":{"start":{"line":118,"column":6},"end":{"line":118,"column":74}},"36":{"start":{"line":120,"column":6},"end":{"line":125,"column":null}},"37":{"start":{"line":123,"column":8},"end":{"line":123,"column":76}},"38":{"start":{"line":129,"column":4},"end":{"line":129,"column":23}},"39":{"start":{"line":135,"column":18},"end":{"line":135,"column":42}},"40":{"start":{"line":137,"column":4},"end":{"line":144,"column":7}},"41":{"start":{"line":139,"column":22},"end":{"line":139,"column":40}},"42":{"start":{"line":141,"column":6},"end":{"line":141,"column":36}},"43":{"start":{"line":142,"column":6},"end":{"line":142,"column":51}},"44":{"start":{"line":146,"column":4},"end":{"line":146,"column":32}},"45":{"start":{"line":10,"column":25},"end":{"line":10,"column":56}},"46":{"start":{"line":8,"column":0},"end":{"line":8,"column":13}}},"fnMap":{"0":{"name":"(anonymous_0)","decl":{"start":{"line":8,"column":0},"end":{"line":8,"column":13}},"loc":{"start":{"line":8,"column":0},"end":{"line":150,"column":1}}},"1":{"name":"(anonymous_1)","decl":{"start":{"line":17,"column":9},"end":{"line":17,"column":15}},"loc":{"start":{"line":17,"column":30},"end":{"line":94,"column":3}}},"2":{"name":"(anonymous_2)","decl":{"start":{"line":27,"column":19},"end":{"line":27,"column":20}},"loc":{"start":{"line":27,"column":50},"end":{"line":67,"column":5}}},"3":{"name":"(anonymous_3)","decl":{"start":{"line":96,"column":10},"end":{"line":96,"column":28}},"loc":{"start":{"line":96,"column":28},"end":{"line":131,"column":3}}},"4":{"name":"(anonymous_4)","decl":{"start":{"line":108,"column":24},"end":{"line":108,"column":25}},"loc":{"start":{"line":108,"column":50},"end":{"line":127,"column":5}}},"5":{"name":"(anonymous_5)","decl":{"start":{"line":132,"column":10},"end":{"line":132,"column":24}},"loc":{"start":{"line":132,"column":24},"end":{"line":148,"column":3}}},"6":{"name":"(anonymous_6)","decl":{"start":{"line":137,"column":24},"end":{"line":137,"column":25}},"loc":{"start":{"line":137,"column":50},"end":{"line":144,"column":5}}}},"branchMap":{"0":{"loc":{"start":{"line":36,"column":6},"end":{"line":65,"column":null}},"type":"if","locations":[{"start":{"line":36,"column":6},"end":{"line":65,"column":null}},{"start":{"line":36,"column":6},"end":{"line":65,"column":null}}]},"1":{"loc":{"start":{"line":44,"column":8},"end":{"line":63,"column":null}},"type":"if","locations":[{"start":{"line":44,"column":8},"end":{"line":63,"column":null}},{"start":{"line":44,"column":8},"end":{"line":63,"column":null}}]},"2":{"loc":{"start":{"line":58,"column":15},"end":{"line":63,"column":null}},"type":"if","locations":[{"start":{"line":58,"column":15},"end":{"line":63,"column":null}},{"start":{"line":58,"column":15},"end":{"line":63,"column":null}}]},"3":{"loc":{"start":{"line":71,"column":8},"end":{"line":71,"column":32}},"type":"cond-expr","locations":[{"start":{"line":71,"column":8},"end":{"line":71,"column":32}},{"start":{"line":72,"column":8},"end":{"line":72,"column":32}}]},"4":{"loc":{"start":{"line":80,"column":4},"end":{"line":88,"column":null}},"type":"if","locations":[{"start":{"line":80,"column":4},"end":{"line":88,"column":null}},{"start":{"line":80,"column":4},"end":{"line":88,"column":null}}]},"5":{"loc":{"start":{"line":120,"column":6},"end":{"line":125,"column":null}},"type":"if","locations":[{"start":{"line":120,"column":6},"end":{"line":125,"column":null}},{"start":{"line":120,"column":6},"end":{"line":125,"column":null}}]},"6":{"loc":{"start":{"line":142,"column":28},"end":{"line":142,"column":29}},"type":"cond-expr","locations":[{"start":{"line":142,"column":28},"end":{"line":142,"column":29}},{"start":{"line":142,"column":32},"end":{"line":142,"column":50}}]}},"s":{"0":1,"1":1,"2":1,"3":1,"4":15,"5":15,"6":15,"7":15,"8":15,"9":15,"10":15,"11":15,"12":1099,"13":1099,"14":1048,"15":1048,"16":38,"17":38,"18":38,"19":1010,"20":31,"21":15,"22":15,"23":15,"24":15,"25":7,"26":8,"27":15,"28":15,"29":7,"30":7,"31":7,"32":7,"33":12,"34":12,"35":12,"36":12,"37":12,"38":7,"39":15,"40":15,"41":38,"42":38,"43":38,"44":15,"45":1,"46":1},"f":{"0":15,"1":15,"2":1099,"3":7,"4":12,"5":15,"6":38},"b":{"0":[1048,51],"1":[38,1010],"2":[31,979],"3":[7,8],"4":[7,8],"5":[12,0],"6":[7,31]}},"/Users/cpaterson/projects/dpe/iab/iabtcf/modules/core/src/tcstring/encoders/BooleanEncoder.ts":{"path":"/Users/cpaterson/projects/dpe/iab/iabtcf/modules/core/src/tcstring/encoders/BooleanEncoder.ts","statementMap":{"0":{"start":{"line":7,"column":4},"end":{"line":7,"column":23}},"1":{"start":{"line":12,"column":8},"end":{"line":12,"column":22}}},"fnMap":{"0":{"name":"(anonymous_0)","decl":{"start":{"line":5,"column":9},"end":{"line":5,"column":15}},"loc":{"start":{"line":5,"column":30},"end":{"line":9,"column":3}}}},"branchMap":{},"s":{"0":1195,"1":1},"f":{"0":1195},"b":{}},"/Users/cpaterson/projects/dpe/iab/iabtcf/modules/core/src/tcstring/encoders/FixedVectorEncoder.ts":{"path":"/Users/cpaterson/projects/dpe/iab/iabtcf/modules/core/src/tcstring/encoders/FixedVectorEncoder.ts","statementMap":{"0":{"start":{"line":1,"column":0},"end":{"line":1,"column":48}},"1":{"start":{"line":9,"column":20},"end":{"line":9,"column":22}},"2":{"start":{"line":10,"column":36},"end":{"line":10,"column":56}},"3":{"start":{"line":12,"column":4},"end":{"line":16,"column":null}},"4":{"start":{"line":12,"column":17},"end":{"line":12,"column":18}},"5":{"start":{"line":14,"column":6},"end":{"line":14,"column":49}},"6":{"start":{"line":18,"column":4},"end":{"line":18,"column":21}},"7":{"start":{"line":5,"column":0},"end":{"line":5,"column":13}}},"fnMap":{"0":{"name":"(anonymous_0)","decl":{"start":{"line":7,"column":9},"end":{"line":7,"column":15}},"loc":{"start":{"line":7,"column":47},"end":{"line":20,"column":3}}}},"branchMap":{},"s":{"0":1,"1":4,"2":4,"3":4,"4":4,"5":70,"6":4,"7":1},"f":{"0":4},"b":{}},"/Users/cpaterson/projects/dpe/iab/iabtcf/modules/core/src/tcstring/encoders/PurposeRestrictionsEncoder.ts":{"path":"/Users/cpaterson/projects/dpe/iab/iabtcf/modules/core/src/tcstring/encoders/PurposeRestrictionsEncoder.ts","statementMap":{"0":{"start":{"line":2,"column":0},"end":{"line":2,"column":40}},"1":{"start":{"line":3,"column":0},"end":{"line":3,"column":48}},"2":{"start":{"line":4,"column":0},"end":{"line":4,"column":39}},"3":{"start":{"line":12,"column":20},"end":{"line":12,"column":22}},"4":{"start":{"line":15,"column":4},"end":{"line":87,"column":null}},"5":{"start":{"line":17,"column":33},"end":{"line":17,"column":49}},"6":{"start":{"line":18,"column":38},"end":{"line":18,"column":58}},"7":{"start":{"line":21,"column":6},"end":{"line":21,"column":84}},"8":{"start":{"line":24,"column":6},"end":{"line":85,"column":9}},"9":{"start":{"line":27,"column":8},"end":{"line":27,"column":83}},"10":{"start":{"line":28,"column":8},"end":{"line":28,"column":95}},"11":{"start":{"line":31,"column":34},"end":{"line":31,"column":68}},"12":{"start":{"line":32,"column":28},"end":{"line":32,"column":42}},"13":{"start":{"line":37,"column":25},"end":{"line":37,"column":26}},"14":{"start":{"line":38,"column":22},"end":{"line":38,"column":23}},"15":{"start":{"line":39,"column":25},"end":{"line":39,"column":27}},"16":{"start":{"line":41,"column":8},"end":{"line":76,"column":null}},"17":{"start":{"line":41,"column":21},"end":{"line":41,"column":22}},"18":{"start":{"line":43,"column":35},"end":{"line":43,"column":45}},"19":{"start":{"line":45,"column":10},"end":{"line":50,"column":null}},"20":{"start":{"line":47,"column":12},"end":{"line":47,"column":25}},"21":{"start":{"line":48,"column":12},"end":{"line":48,"column":31}},"22":{"start":{"line":53,"column":10},"end":{"line":74,"column":null}},"23":{"start":{"line":59,"column":28},"end":{"line":59,"column":51}},"24":{"start":{"line":62,"column":12},"end":{"line":62,"column":50}},"25":{"start":{"line":63,"column":12},"end":{"line":63,"column":69}},"26":{"start":{"line":65,"column":12},"end":{"line":69,"column":null}},"27":{"start":{"line":67,"column":14},"end":{"line":67,"column":72}},"28":{"start":{"line":72,"column":12},"end":{"line":72,"column":24}},"29":{"start":{"line":82,"column":8},"end":{"line":82,"column":69}},"30":{"start":{"line":83,"column":8},"end":{"line":83,"column":32}},"31":{"start":{"line":89,"column":4},"end":{"line":89,"column":21}},"32":{"start":{"line":8,"column":0},"end":{"line":8,"column":13}}},"fnMap":{"0":{"name":"(anonymous_0)","decl":{"start":{"line":10,"column":9},"end":{"line":10,"column":15}},"loc":{"start":{"line":10,"column":48},"end":{"line":91,"column":3}}},"1":{"name":"(anonymous_1)","decl":{"start":{"line":24,"column":42},"end":{"line":24,"column":43}},"loc":{"start":{"line":24,"column":88},"end":{"line":85,"column":7}}}},"branchMap":{"0":{"loc":{"start":{"line":15,"column":4},"end":{"line":87,"column":null}},"type":"if","locations":[{"start":{"line":15,"column":4},"end":{"line":87,"column":null}},{"start":{"line":15,"column":4},"end":{"line":87,"column":null}}]},"1":{"loc":{"start":{"line":45,"column":10},"end":{"line":50,"column":null}},"type":"if","locations":[{"start":{"line":45,"column":10},"end":{"line":50,"column":null}},{"start":{"line":45,"column":10},"end":{"line":50,"column":null}}]},"2":{"loc":{"start":{"line":53,"column":10},"end":{"line":74,"column":null}},"type":"if","locations":[{"start":{"line":53,"column":10},"end":{"line":74,"column":null}},{"start":{"line":53,"column":10},"end":{"line":74,"column":null}}]},"3":{"loc":{"start":{"line":53,"column":14},"end":{"line":53,"column":27}},"type":"binary-expr","locations":[{"start":{"line":53,"column":14},"end":{"line":53,"column":27}},{"start":{"line":53,"column":31},"end":{"line":53,"column":60}}]},"4":{"loc":{"start":{"line":65,"column":12},"end":{"line":69,"column":null}},"type":"if","locations":[{"start":{"line":65,"column":12},"end":{"line":69,"column":null}},{"start":{"line":65,"column":12},"end":{"line":69,"column":null}}]}},"s":{"0":1,"1":1,"2":1,"3":3,"4":3,"5":1,"6":1,"7":1,"8":1,"9":1,"10":1,"11":1,"12":1,"13":1,"14":1,"15":1,"16":1,"17":1,"18":10,"19":10,"20":2,"21":2,"22":10,"23":2,"24":2,"25":2,"26":2,"27":2,"28":2,"29":1,"30":1,"31":3,"32":1},"f":{"0":3,"1":1},"b":{"0":[1,2],"1":[2,8],"2":[2,8],"3":[10,9],"4":[2,0]}},"/Users/cpaterson/projects/dpe/iab/iabtcf/modules/core/src/model/PurposeRestrictionVector.ts":{"path":"/Users/cpaterson/projects/dpe/iab/iabtcf/modules/core/src/model/PurposeRestrictionVector.ts","statementMap":{"0":{"start":{"line":1,"column":0},"end":{"line":1,"column":56}},"1":{"start":{"line":2,"column":0},"end":{"line":2,"column":52}},"2":{"start":{"line":22,"column":10},"end":{"line":22,"column":83}},"3":{"start":{"line":26,"column":4},"end":{"line":26,"column":30}},"4":{"start":{"line":32,"column":25},"end":{"line":32,"column":48}},"5":{"start":{"line":34,"column":4},"end":{"line":39,"column":null}},"6":{"start":{"line":36,"column":6},"end":{"line":36,"column":49}},"7":{"start":{"line":40,"column":5},"end":{"line":40,"column":59}},"8":{"start":{"line":46,"column":25},"end":{"line":46,"column":48}},"9":{"start":{"line":48,"column":4},"end":{"line":48,"column":80}},"10":{"start":{"line":54,"column":39},"end":{"line":54,"column":41}},"11":{"start":{"line":56,"column":4},"end":{"line":64,"column":7}},"12":{"start":{"line":58,"column":6},"end":{"line":62,"column":null}},"13":{"start":{"line":60,"column":8},"end":{"line":60,"column":51}},"14":{"start":{"line":66,"column":4},"end":{"line":66,"column":16}},"15":{"start":{"line":72,"column":39},"end":{"line":72,"column":41}},"16":{"start":{"line":74,"column":4},"end":{"line":78,"column":7}},"17":{"start":{"line":76,"column":6},"end":{"line":76,"column":49}},"18":{"start":{"line":80,"column":4},"end":{"line":80,"column":16}},"19":{"start":{"line":86,"column":25},"end":{"line":86,"column":48}},"20":{"start":{"line":87,"column":46},"end":{"line":87,"column":64}},"21":{"start":{"line":89,"column":4},"end":{"line":100,"column":null}},"22":{"start":{"line":91,"column":6},"end":{"line":91,"column":27}},"23":{"start":{"line":94,"column":6},"end":{"line":98,"column":null}},"24":{"start":{"line":96,"column":8},"end":{"line":96,"column":30}},"25":{"start":{"line":105,"column":4},"end":{"line":105,"column":31}},"26":{"start":{"line":110,"column":4},"end":{"line":110,"column":25}},"27":{"start":{"line":3,"column":0},"end":{"line":3,"column":13}}},"fnMap":{"0":{"name":"(anonymous_0)","decl":{"start":{"line":3,"column":0},"end":{"line":3,"column":13}},"loc":{"start":{"line":3,"column":0},"end":{"line":114,"column":1}}},"1":{"name":"(anonymous_1)","decl":{"start":{"line":24,"column":10},"end":{"line":24,"column":13}},"loc":{"start":{"line":24,"column":26},"end":{"line":28,"column":3}}},"2":{"name":"(anonymous_2)","decl":{"start":{"line":30,"column":9},"end":{"line":30,"column":12}},"loc":{"start":{"line":30,"column":69},"end":{"line":42,"column":3}}},"3":{"name":"(anonymous_3)","decl":{"start":{"line":44,"column":9},"end":{"line":44,"column":19}},"loc":{"start":{"line":44,"column":58},"end":{"line":50,"column":3}}},"4":{"name":"(anonymous_4)","decl":{"start":{"line":52,"column":9},"end":{"line":52,"column":24}},"loc":{"start":{"line":52,"column":41},"end":{"line":68,"column":3}}},"5":{"name":"(anonymous_5)","decl":{"start":{"line":56,"column":21},"end":{"line":56,"column":22}},"loc":{"start":{"line":56,"column":67},"end":{"line":64,"column":5}}},"6":{"name":"(anonymous_6)","decl":{"start":{"line":70,"column":9},"end":{"line":70,"column":27}},"loc":{"start":{"line":70,"column":27},"end":{"line":82,"column":3}}},"7":{"name":"(anonymous_7)","decl":{"start":{"line":74,"column":21},"end":{"line":74,"column":22}},"loc":{"start":{"line":74,"column":67},"end":{"line":78,"column":5}}},"8":{"name":"(anonymous_8)","decl":{"start":{"line":84,"column":9},"end":{"line":84,"column":15}},"loc":{"start":{"line":84,"column":72},"end":{"line":102,"column":3}}},"9":{"name":"(anonymous_9)","decl":{"start":{"line":103,"column":9},"end":{"line":103,"column":16}},"loc":{"start":{"line":103,"column":16},"end":{"line":107,"column":3}}},"10":{"name":"(anonymous_10)","decl":{"start":{"line":108,"column":2},"end":{"line":108,"column":13}},"loc":{"start":{"line":108,"column":28},"end":{"line":112,"column":3}}}},"branchMap":{"0":{"loc":{"start":{"line":34,"column":4},"end":{"line":39,"column":null}},"type":"if","locations":[{"start":{"line":34,"column":4},"end":{"line":39,"column":null}},{"start":{"line":34,"column":4},"end":{"line":39,"column":null}}]},"1":{"loc":{"start":{"line":48,"column":29},"end":{"line":48,"column":74}},"type":"cond-expr","locations":[{"start":{"line":48,"column":29},"end":{"line":48,"column":74}},{"start":{"line":48,"column":77},"end":{"line":48,"column":79}}]},"2":{"loc":{"start":{"line":58,"column":6},"end":{"line":62,"column":null}},"type":"if","locations":[{"start":{"line":58,"column":6},"end":{"line":62,"column":null}},{"start":{"line":58,"column":6},"end":{"line":62,"column":null}}]},"3":{"loc":{"start":{"line":89,"column":4},"end":{"line":100,"column":null}},"type":"if","locations":[{"start":{"line":89,"column":4},"end":{"line":100,"column":null}},{"start":{"line":89,"column":4},"end":{"line":100,"column":null}}]},"4":{"loc":{"start":{"line":94,"column":6},"end":{"line":98,"column":null}},"type":"if","locations":[{"start":{"line":94,"column":6},"end":{"line":98,"column":null}},{"start":{"line":94,"column":6},"end":{"line":98,"column":null}}]}},"s":{"0":1,"1":1,"2":66,"3":51,"4":44,"5":44,"6":13,"7":44,"8":7,"9":7,"10":5,"11":5,"12":4,"13":3,"14":5,"15":2,"16":2,"17":9,"18":2,"19":3,"20":3,"21":3,"22":2,"23":2,"24":1,"25":6,"26":3,"27":1},"f":{"0":66,"1":51,"2":44,"3":7,"4":5,"5":4,"6":2,"7":9,"8":3,"9":6,"10":3},"b":{"0":[13,31],"1":[5,2],"2":[3,1],"3":[2,1],"4":[1,1]}},"/Users/cpaterson/projects/dpe/iab/iabtcf/modules/core/src/model/PurposeRestriction.ts":{"path":"/Users/cpaterson/projects/dpe/iab/iabtcf/modules/core/src/model/PurposeRestriction.ts","statementMap":{"0":{"start":{"line":1,"column":0},"end":{"line":1,"column":39}},"1":{"start":{"line":23,"column":4},"end":{"line":27,"column":null}},"2":{"start":{"line":25,"column":6},"end":{"line":25,"column":33}},"3":{"start":{"line":28,"column":4},"end":{"line":32,"column":null}},"4":{"start":{"line":30,"column":6},"end":{"line":30,"column":45}},"5":{"start":{"line":37,"column":30},"end":{"line":37,"column":60}},"6":{"start":{"line":38,"column":48},"end":{"line":38,"column":72}},"7":{"start":{"line":40,"column":4},"end":{"line":44,"column":null}},"8":{"start":{"line":42,"column":6},"end":{"line":42,"column":43}},"9":{"start":{"line":46,"column":4},"end":{"line":46,"column":57}},"10":{"start":{"line":47,"column":4},"end":{"line":47,"column":63}},"11":{"start":{"line":49,"column":4},"end":{"line":49,"column":27}},"12":{"start":{"line":54,"column":4},"end":{"line":58,"column":null}},"13":{"start":{"line":56,"column":6},"end":{"line":56,"column":64}},"14":{"start":{"line":59,"column":4},"end":{"line":59,"column":89}},"15":{"start":{"line":70,"column":4},"end":{"line":70,"column":27}},"16":{"start":{"line":80,"column":4},"end":{"line":88,"column":null}},"17":{"start":{"line":82,"column":6},"end":{"line":82,"column":30}},"18":{"start":{"line":86,"column":6},"end":{"line":86,"column":49}},"19":{"start":{"line":94,"column":4},"end":{"line":94,"column":68}},"20":{"start":{"line":99,"column":4},"end":{"line":100,"column":59}},"21":{"start":{"line":6,"column":16},"end":{"line":6,"column":61}},"22":{"start":{"line":7,"column":16},"end":{"line":7,"column":44}},"23":{"start":{"line":4,"column":0},"end":{"line":4,"column":13}}},"fnMap":{"0":{"name":"(anonymous_0)","decl":{"start":{"line":21,"column":2},"end":{"line":21,"column":21}},"loc":{"start":{"line":21,"column":74},"end":{"line":34,"column":3}}},"1":{"name":"(anonymous_1)","decl":{"start":{"line":35,"column":9},"end":{"line":35,"column":15}},"loc":{"start":{"line":35,"column":35},"end":{"line":51,"column":3}}},"2":{"name":"(anonymous_2)","decl":{"start":{"line":52,"column":2},"end":{"line":52,"column":13}},"loc":{"start":{"line":52,"column":17},"end":{"line":61,"column":3}}},"3":{"name":"(anonymous_3)","decl":{"start":{"line":68,"column":2},"end":{"line":68,"column":13}},"loc":{"start":{"line":68,"column":22},"end":{"line":72,"column":3}}},"4":{"name":"(anonymous_4)","decl":{"start":{"line":78,"column":2},"end":{"line":78,"column":13}},"loc":{"start":{"line":78,"column":36},"end":{"line":90,"column":3}}},"5":{"name":"(anonymous_5)","decl":{"start":{"line":92,"column":9},"end":{"line":92,"column":16}},"loc":{"start":{"line":92,"column":16},"end":{"line":96,"column":3}}},"6":{"name":"(anonymous_6)","decl":{"start":{"line":97,"column":9},"end":{"line":97,"column":17}},"loc":{"start":{"line":97,"column":45},"end":{"line":102,"column":3}}}},"branchMap":{"0":{"loc":{"start":{"line":23,"column":4},"end":{"line":27,"column":null}},"type":"if","locations":[{"start":{"line":23,"column":4},"end":{"line":27,"column":null}},{"start":{"line":23,"column":4},"end":{"line":27,"column":null}}]},"1":{"loc":{"start":{"line":28,"column":4},"end":{"line":32,"column":null}},"type":"if","locations":[{"start":{"line":28,"column":4},"end":{"line":32,"column":null}},{"start":{"line":28,"column":4},"end":{"line":32,"column":null}}]},"2":{"loc":{"start":{"line":40,"column":4},"end":{"line":44,"column":null}},"type":"if","locations":[{"start":{"line":40,"column":4},"end":{"line":44,"column":null}},{"start":{"line":40,"column":4},"end":{"line":44,"column":null}}]},"3":{"loc":{"start":{"line":54,"column":4},"end":{"line":58,"column":null}},"type":"if","locations":[{"start":{"line":54,"column":4},"end":{"line":58,"column":null}},{"start":{"line":54,"column":4},"end":{"line":58,"column":null}}]},"4":{"loc":{"start":{"line":80,"column":4},"end":{"line":88,"column":null}},"type":"if","locations":[{"start":{"line":80,"column":4},"end":{"line":88,"column":null}},{"start":{"line":80,"column":4},"end":{"line":88,"column":null}}]},"5":{"loc":{"start":{"line":80,"column":8},"end":{"line":80,"column":19}},"type":"binary-expr","locations":[{"start":{"line":80,"column":8},"end":{"line":80,"column":19}},{"start":{"line":80,"column":23},"end":{"line":80,"column":72}}]},"6":{"loc":{"start":{"line":94,"column":14},"end":{"line":94,"column":28}},"type":"binary-expr","locations":[{"start":{"line":94,"column":14},"end":{"line":94,"column":28}},{"start":{"line":94,"column":32},"end":{"line":94,"column":66}}]},"7":{"loc":{"start":{"line":99,"column":12},"end":{"line":99,"column":48}},"type":"binary-expr","locations":[{"start":{"line":99,"column":12},"end":{"line":99,"column":48}},{"start":{"line":100,"column":9},"end":{"line":100,"column":57}}]}},"s":{"0":1,"1":42,"2":21,"3":42,"4":20,"5":14,"6":14,"7":14,"8":1,"9":13,"10":13,"11":13,"12":84,"13":1,"14":83,"15":180,"16":40,"17":35,"18":5,"19":85,"20":2,"21":1,"22":1,"23":1},"f":{"0":42,"1":14,"2":84,"3":180,"4":40,"5":85,"6":2},"b":{"0":[21,21],"1":[20,22],"2":[1,13],"3":[1,83],"4":[35,5],"5":[40,39],"6":[85,85],"7":[2,2]}},"/Users/cpaterson/projects/dpe/iab/iabtcf/modules/core/src/model/BinarySearchTree.ts":{"path":"/Users/cpaterson/projects/dpe/iab/iabtcf/modules/core/src/model/BinarySearchTree.ts","statementMap":{"0":{"start":{"line":9,"column":10},"end":{"line":9,"column":37}},"1":{"start":{"line":14,"column":4},"end":{"line":14,"column":24}},"2":{"start":{"line":21,"column":27},"end":{"line":25,"column":6}},"3":{"start":{"line":30,"column":4},"end":{"line":102,"column":null}},"4":{"start":{"line":32,"column":6},"end":{"line":32,"column":23}},"5":{"start":{"line":37,"column":6},"end":{"line":37,"column":26}},"6":{"start":{"line":40,"column":6},"end":{"line":100,"column":null}},"7":{"start":{"line":43,"column":8},"end":{"line":98,"column":null}},"8":{"start":{"line":46,"column":10},"end":{"line":63,"column":null}},"9":{"start":{"line":49,"column":12},"end":{"line":49,"column":32}},"10":{"start":{"line":52,"column":12},"end":{"line":52,"column":18}},"11":{"start":{"line":61,"column":12},"end":{"line":61,"column":35}},"12":{"start":{"line":66,"column":15},"end":{"line":98,"column":null}},"13":{"start":{"line":69,"column":10},"end":{"line":85,"column":null}},"14":{"start":{"line":72,"column":12},"end":{"line":72,"column":33}},"15":{"start":{"line":73,"column":12},"end":{"line":73,"column":18}},"16":{"start":{"line":83,"column":12},"end":{"line":83,"column":36}},"17":{"start":{"line":96,"column":10},"end":{"line":96,"column":16}},"18":{"start":{"line":112,"column":27},"end":{"line":112,"column":29}},"19":{"start":{"line":113,"column":33},"end":{"line":113,"column":42}},"20":{"start":{"line":115,"column":4},"end":{"line":154,"column":null}},"21":{"start":{"line":117,"column":6},"end":{"line":152,"column":null}},"22":{"start":{"line":119,"column":8},"end":{"line":119,"column":33}},"23":{"start":{"line":120,"column":8},"end":{"line":120,"column":32}},"24":{"start":{"line":125,"column":33},"end":{"line":125,"column":45}},"25":{"start":{"line":129,"column":8},"end":{"line":133,"column":null}},"26":{"start":{"line":131,"column":10},"end":{"line":131,"column":26}},"27":{"start":{"line":135,"column":8},"end":{"line":150,"column":null}},"28":{"start":{"line":137,"column":10},"end":{"line":137,"column":27}},"29":{"start":{"line":141,"column":10},"end":{"line":141,"column":35}},"30":{"start":{"line":142,"column":10},"end":{"line":142,"column":34}},"31":{"start":{"line":147,"column":10},"end":{"line":147,"column":30}},"32":{"start":{"line":148,"column":10},"end":{"line":148,"column":33}},"33":{"start":{"line":155,"column":4},"end":{"line":155,"column":16}},"34":{"start":{"line":161,"column":15},"end":{"line":161,"column":20}},"35":{"start":{"line":162,"column":33},"end":{"line":162,"column":42}},"36":{"start":{"line":164,"column":4},"end":{"line":181,"column":null}},"37":{"start":{"line":166,"column":6},"end":{"line":179,"column":null}},"38":{"start":{"line":168,"column":8},"end":{"line":168,"column":20}},"39":{"start":{"line":169,"column":8},"end":{"line":169,"column":14}},"40":{"start":{"line":171,"column":13},"end":{"line":179,"column":null}},"41":{"start":{"line":173,"column":8},"end":{"line":173,"column":32}},"42":{"start":{"line":175,"column":13},"end":{"line":179,"column":null}},"43":{"start":{"line":177,"column":8},"end":{"line":177,"column":31}},"44":{"start":{"line":182,"column":4},"end":{"line":182,"column":16}},"45":{"start":{"line":190,"column":4},"end":{"line":203,"column":null}},"46":{"start":{"line":192,"column":6},"end":{"line":201,"column":null}},"47":{"start":{"line":194,"column":8},"end":{"line":194,"column":30}},"48":{"start":{"line":198,"column":8},"end":{"line":198,"column":29}},"49":{"start":{"line":199,"column":8},"end":{"line":199,"column":23}},"50":{"start":{"line":204,"column":4},"end":{"line":204,"column":16}},"51":{"start":{"line":212,"column":4},"end":{"line":225,"column":null}},"52":{"start":{"line":214,"column":6},"end":{"line":223,"column":null}},"53":{"start":{"line":216,"column":8},"end":{"line":216,"column":31}},"54":{"start":{"line":220,"column":8},"end":{"line":220,"column":29}},"55":{"start":{"line":221,"column":8},"end":{"line":221,"column":23}},"56":{"start":{"line":226,"column":4},"end":{"line":226,"column":16}},"57":{"start":{"line":233,"column":32},"end":{"line":233,"column":36}},"58":{"start":{"line":234,"column":21},"end":{"line":234,"column":27}},"59":{"start":{"line":236,"column":4},"end":{"line":341,"column":null}},"60":{"start":{"line":239,"column":6},"end":{"line":338,"column":null}},"61":{"start":{"line":242,"column":8},"end":{"line":242,"column":25}},"62":{"start":{"line":245,"column":8},"end":{"line":245,"column":31}},"63":{"start":{"line":246,"column":8},"end":{"line":246,"column":28}},"64":{"start":{"line":248,"column":13},"end":{"line":338,"column":null}},"65":{"start":{"line":251,"column":8},"end":{"line":251,"column":25}},"66":{"start":{"line":254,"column":8},"end":{"line":254,"column":32}},"67":{"start":{"line":255,"column":8},"end":{"line":255,"column":29}},"68":{"start":{"line":281,"column":8},"end":{"line":334,"column":null}},"69":{"start":{"line":284,"column":10},"end":{"line":292,"column":null}},"70":{"start":{"line":286,"column":12},"end":{"line":286,"column":38}},"71":{"start":{"line":290,"column":12},"end":{"line":290,"column":29}},"72":{"start":{"line":294,"column":15},"end":{"line":334,"column":null}},"73":{"start":{"line":297,"column":10},"end":{"line":305,"column":null}},"74":{"start":{"line":299,"column":12},"end":{"line":299,"column":47}},"75":{"start":{"line":303,"column":12},"end":{"line":303,"column":38}},"76":{"start":{"line":307,"column":15},"end":{"line":334,"column":null}},"77":{"start":{"line":310,"column":10},"end":{"line":318,"column":null}},"78":{"start":{"line":312,"column":12},"end":{"line":312,"column":46}},"79":{"start":{"line":316,"column":12},"end":{"line":316,"column":37}},"80":{"start":{"line":328,"column":25},"end":{"line":328,"column":48}},"81":{"start":{"line":331,"column":10},"end":{"line":331,"column":45}},"82":{"start":{"line":332,"column":10},"end":{"line":332,"column":33}},"83":{"start":{"line":336,"column":8},"end":{"line":336,"column":23}},"84":{"start":{"line":7,"column":0},"end":{"line":7,"column":13}}},"fnMap":{"0":{"name":"(anonymous_0)","decl":{"start":{"line":7,"column":0},"end":{"line":7,"column":13}},"loc":{"start":{"line":7,"column":0},"end":{"line":345,"column":1}}},"1":{"name":"(anonymous_1)","decl":{"start":{"line":11,"column":9},"end":{"line":11,"column":16}},"loc":{"start":{"line":11,"column":16},"end":{"line":16,"column":3}}},"2":{"name":"(anonymous_2)","decl":{"start":{"line":18,"column":9},"end":{"line":18,"column":12}},"loc":{"start":{"line":18,"column":26},"end":{"line":104,"column":3}}},"3":{"name":"(anonymous_3)","decl":{"start":{"line":110,"column":9},"end":{"line":110,"column":12}},"loc":{"start":{"line":110,"column":12},"end":{"line":157,"column":3}}},"4":{"name":"(anonymous_4)","decl":{"start":{"line":159,"column":9},"end":{"line":159,"column":17}},"loc":{"start":{"line":159,"column":31},"end":{"line":184,"column":3}}},"5":{"name":"(anonymous_5)","decl":{"start":{"line":186,"column":9},"end":{"line":186,"column":12}},"loc":{"start":{"line":186,"column":47},"end":{"line":206,"column":3}}},"6":{"name":"(anonymous_6)","decl":{"start":{"line":208,"column":9},"end":{"line":208,"column":12}},"loc":{"start":{"line":208,"column":47},"end":{"line":228,"column":3}}},"7":{"name":"(anonymous_7)","decl":{"start":{"line":230,"column":9},"end":{"line":230,"column":15}},"loc":{"start":{"line":230,"column":65},"end":{"line":343,"column":3}}}},"branchMap":{"0":{"loc":{"start":{"line":30,"column":4},"end":{"line":102,"column":null}},"type":"if","locations":[{"start":{"line":30,"column":4},"end":{"line":102,"column":null}},{"start":{"line":30,"column":4},"end":{"line":102,"column":null}}]},"1":{"loc":{"start":{"line":43,"column":8},"end":{"line":98,"column":null}},"type":"if","locations":[{"start":{"line":43,"column":8},"end":{"line":98,"column":null}},{"start":{"line":43,"column":8},"end":{"line":98,"column":null}}]},"2":{"loc":{"start":{"line":46,"column":10},"end":{"line":63,"column":null}},"type":"if","locations":[{"start":{"line":46,"column":10},"end":{"line":63,"column":null}},{"start":{"line":46,"column":10},"end":{"line":63,"column":null}}]},"3":{"loc":{"start":{"line":66,"column":15},"end":{"line":98,"column":null}},"type":"if","locations":[{"start":{"line":66,"column":15},"end":{"line":98,"column":null}},{"start":{"line":66,"column":15},"end":{"line":98,"column":null}}]},"4":{"loc":{"start":{"line":69,"column":10},"end":{"line":85,"column":null}},"type":"if","locations":[{"start":{"line":69,"column":10},"end":{"line":85,"column":null}},{"start":{"line":69,"column":10},"end":{"line":85,"column":null}}]},"5":{"loc":{"start":{"line":117,"column":6},"end":{"line":152,"column":null}},"type":"if","locations":[{"start":{"line":117,"column":6},"end":{"line":152,"column":null}},{"start":{"line":117,"column":6},"end":{"line":152,"column":null}}]},"6":{"loc":{"start":{"line":129,"column":15},"end":{"line":129,"column":24}},"type":"binary-expr","locations":[{"start":{"line":129,"column":15},"end":{"line":129,"column":24}},{"start":{"line":129,"column":28},"end":{"line":129,"column":48}}]},"7":{"loc":{"start":{"line":135,"column":8},"end":{"line":150,"column":null}},"type":"if","locations":[{"start":{"line":135,"column":8},"end":{"line":150,"column":null}},{"start":{"line":135,"column":8},"end":{"line":150,"column":null}}]},"8":{"loc":{"start":{"line":166,"column":6},"end":{"line":179,"column":null}},"type":"if","locations":[{"start":{"line":166,"column":6},"end":{"line":179,"column":null}},{"start":{"line":166,"column":6},"end":{"line":179,"column":null}}]},"9":{"loc":{"start":{"line":171,"column":13},"end":{"line":179,"column":null}},"type":"if","locations":[{"start":{"line":171,"column":13},"end":{"line":179,"column":null}},{"start":{"line":171,"column":13},"end":{"line":179,"column":null}}]},"10":{"loc":{"start":{"line":175,"column":13},"end":{"line":179,"column":null}},"type":"if","locations":[{"start":{"line":175,"column":13},"end":{"line":179,"column":null}},{"start":{"line":175,"column":13},"end":{"line":179,"column":null}}]},"11":{"loc":{"start":{"line":186,"column":38},"end":{"line":186,"column":47}},"type":"default-arg","locations":[{"start":{"line":186,"column":38},"end":{"line":186,"column":47}}]},"12":{"loc":{"start":{"line":192,"column":6},"end":{"line":201,"column":null}},"type":"if","locations":[{"start":{"line":192,"column":6},"end":{"line":201,"column":null}},{"start":{"line":192,"column":6},"end":{"line":201,"column":null}}]},"13":{"loc":{"start":{"line":208,"column":38},"end":{"line":208,"column":47}},"type":"default-arg","locations":[{"start":{"line":208,"column":38},"end":{"line":208,"column":47}}]},"14":{"loc":{"start":{"line":214,"column":6},"end":{"line":223,"column":null}},"type":"if","locations":[{"start":{"line":214,"column":6},"end":{"line":223,"column":null}},{"start":{"line":214,"column":6},"end":{"line":223,"column":null}}]},"15":{"loc":{"start":{"line":230,"column":56},"end":{"line":230,"column":65}},"type":"default-arg","locations":[{"start":{"line":230,"column":56},"end":{"line":230,"column":65}}]},"16":{"loc":{"start":{"line":239,"column":6},"end":{"line":338,"column":null}},"type":"if","locations":[{"start":{"line":239,"column":6},"end":{"line":338,"column":null}},{"start":{"line":239,"column":6},"end":{"line":338,"column":null}}]},"17":{"loc":{"start":{"line":248,"column":13},"end":{"line":338,"column":null}},"type":"if","locations":[{"start":{"line":248,"column":13},"end":{"line":338,"column":null}},{"start":{"line":248,"column":13},"end":{"line":338,"column":null}}]},"18":{"loc":{"start":{"line":281,"column":8},"end":{"line":334,"column":null}},"type":"if","locations":[{"start":{"line":281,"column":8},"end":{"line":334,"column":null}},{"start":{"line":281,"column":8},"end":{"line":334,"column":null}}]},"19":{"loc":{"start":{"line":281,"column":12},"end":{"line":281,"column":25}},"type":"binary-expr","locations":[{"start":{"line":281,"column":12},"end":{"line":281,"column":25}},{"start":{"line":281,"column":29},"end":{"line":281,"column":43}}]},"20":{"loc":{"start":{"line":284,"column":10},"end":{"line":292,"column":null}},"type":"if","locations":[{"start":{"line":284,"column":10},"end":{"line":292,"column":null}},{"start":{"line":284,"column":10},"end":{"line":292,"column":null}}]},"21":{"loc":{"start":{"line":294,"column":15},"end":{"line":334,"column":null}},"type":"if","locations":[{"start":{"line":294,"column":15},"end":{"line":334,"column":null}},{"start":{"line":294,"column":15},"end":{"line":334,"column":null}}]},"22":{"loc":{"start":{"line":297,"column":10},"end":{"line":305,"column":null}},"type":"if","locations":[{"start":{"line":297,"column":10},"end":{"line":305,"column":null}},{"start":{"line":297,"column":10},"end":{"line":305,"column":null}}]},"23":{"loc":{"start":{"line":307,"column":15},"end":{"line":334,"column":null}},"type":"if","locations":[{"start":{"line":307,"column":15},"end":{"line":334,"column":null}},{"start":{"line":307,"column":15},"end":{"line":334,"column":null}}]},"24":{"loc":{"start":{"line":310,"column":10},"end":{"line":318,"column":null}},"type":"if","locations":[{"start":{"line":310,"column":10},"end":{"line":318,"column":null}},{"start":{"line":310,"column":10},"end":{"line":318,"column":null}}]}},"s":{"0":65,"1":16476,"2":16473,"3":16473,"4":64,"5":16409,"6":16409,"7":180516,"8":90745,"9":8165,"10":8165,"11":82580,"12":89771,"13":89769,"14":8242,"15":8242,"16":81527,"17":2,"18":20,"19":20,"20":20,"21":3187,"22":1071,"23":1071,"24":2116,"25":2116,"26":2002,"27":2116,"28":1058,"29":1058,"30":1058,"31":1058,"32":1058,"33":20,"34":16,"35":16,"36":16,"37":85,"38":15,"39":15,"40":70,"41":37,"42":33,"43":33,"44":16,"45":14,"46":52,"47":38,"48":14,"49":14,"50":14,"51":12,"52":45,"53":33,"54":12,"55":12,"56":12,"57":16,"58":16,"59":16,"60":84,"61":34,"62":34,"63":34,"64":50,"65":34,"66":34,"67":34,"68":16,"69":6,"70":4,"71":2,"72":10,"73":6,"74":4,"75":2,"76":4,"77":2,"78":1,"79":1,"80":2,"81":2,"82":2,"83":16,"84":1},"f":{"0":65,"1":16476,"2":16473,"3":20,"4":16,"5":14,"6":12,"7":16},"b":{"0":[64,16409],"1":[90745,89771],"2":[8165,82580],"3":[89769,2],"4":[8242,81527],"5":[1071,2116],"6":[4118,3060],"7":[1058,1058],"8":[15,70],"9":[37,33],"10":[33,0],"11":[12],"12":[38,14],"13":[12],"14":[33,12],"15":[14],"16":[34,50],"17":[34,16],"18":[6,10],"19":[16,12],"20":[4,2],"21":[6,4],"22":[4,2],"23":[2,2],"24":[1,1]}},"/Users/cpaterson/projects/dpe/iab/iabtcf/modules/core/src/model/RestrictionType.ts":{"path":"/Users/cpaterson/projects/dpe/iab/iabtcf/modules/core/src/model/RestrictionType.ts","statementMap":{"0":{"start":{"line":6,"column":0},"end":{"line":6,"column":null}},"1":{"start":{"line":11,"column":2},"end":{"line":11,"column":null}},"2":{"start":{"line":16,"column":2},"end":{"line":16,"column":null}},"3":{"start":{"line":21,"column":2},"end":{"line":21,"column":null}}},"fnMap":{"0":{"name":"(anonymous_0)","decl":{"start":{"line":6,"column":0},"end":{"line":6,"column":12}},"loc":{"start":{"line":6,"column":27},"end":{"line":22,"column":1}}}},"branchMap":{"0":{"loc":{"start":{"line":6,"column":12},"end":{"line":6,"column":27}},"type":"binary-expr","locations":[{"start":{"line":6,"column":12},"end":{"line":6,"column":27}},{"start":{"line":6,"column":12},"end":{"line":6,"column":null}}]}},"s":{"0":1,"1":1,"2":1,"3":1},"f":{"0":1},"b":{"0":[1,1]}},"/Users/cpaterson/projects/dpe/iab/iabtcf/modules/core/src/GVL.ts":{"path":"/Users/cpaterson/projects/dpe/iab/iabtcf/modules/core/src/GVL.ts","statementMap":{"0":{"start":{"line":1,"column":0},"end":{"line":1,"column":28}},"1":{"start":{"line":2,"column":0},"end":{"line":2,"column":34}},"2":{"start":{"line":179,"column":18},"end":{"line":179,"column":50}},"3":{"start":{"line":193,"column":14},"end":{"line":193,"column":25}},"4":{"start":{"line":195,"column":4},"end":{"line":195,"column":39}},"5":{"start":{"line":197,"column":4},"end":{"line":231,"column":null}},"6":{"start":{"line":199,"column":6},"end":{"line":199,"column":58}},"7":{"start":{"line":201,"column":6},"end":{"line":205,"column":9}},"8":{"start":{"line":203,"column":8},"end":{"line":203,"column":18}},"9":{"start":{"line":209,"column":6},"end":{"line":213,"column":null}},"10":{"start":{"line":211,"column":8},"end":{"line":211,"column":79}},"11":{"start":{"line":215,"column":6},"end":{"line":215,"column":44}},"12":{"start":{"line":217,"column":6},"end":{"line":229,"column":null}},"13":{"start":{"line":220,"column":8},"end":{"line":220,"column":84}},"14":{"start":{"line":221,"column":8},"end":{"line":221,"column":26}},"15":{"start":{"line":226,"column":8},"end":{"line":226,"column":34}},"16":{"start":{"line":227,"column":8},"end":{"line":227,"column":26}},"17":{"start":{"line":237,"column":4},"end":{"line":241,"column":null}},"18":{"start":{"line":239,"column":6},"end":{"line":239,"column":17}},"19":{"start":{"line":242,"column":4},"end":{"line":242,"column":15}},"20":{"start":{"line":248,"column":4},"end":{"line":262,"column":7}},"21":{"start":{"line":250,"column":6},"end":{"line":260,"column":11}},"22":{"start":{"line":252,"column":8},"end":{"line":252,"column":49}},"23":{"start":{"line":253,"column":8},"end":{"line":253,"column":18}},"24":{"start":{"line":258,"column":10},"end":{"line":258,"column":44}},"25":{"start":{"line":263,"column":4},"end":{"line":263,"column":29}},"26":{"start":{"line":277,"column":4},"end":{"line":324,"column":7}},"27":{"start":{"line":279,"column":6},"end":{"line":322,"column":null}},"28":{"start":{"line":281,"column":8},"end":{"line":281,"column":34}},"29":{"start":{"line":283,"column":8},"end":{"line":314,"column":null}},"30":{"start":{"line":285,"column":20},"end":{"line":285,"column":31}},"31":{"start":{"line":287,"column":10},"end":{"line":291,"column":null}},"32":{"start":{"line":289,"column":12},"end":{"line":289,"column":88}},"33":{"start":{"line":293,"column":10},"end":{"line":293,"column":48}},"34":{"start":{"line":296,"column":10},"end":{"line":296,"column":62}},"35":{"start":{"line":299,"column":10},"end":{"line":308,"column":15}},"36":{"start":{"line":301,"column":12},"end":{"line":301,"column":22}},"37":{"start":{"line":306,"column":14},"end":{"line":306,"column":78}},"38":{"start":{"line":312,"column":10},"end":{"line":312,"column":20}},"39":{"start":{"line":315,"column":8},"end":{"line":315,"column":26}},"40":{"start":{"line":320,"column":8},"end":{"line":320,"column":47}},"41":{"start":{"line":329,"column":4},"end":{"line":329,"column":22}},"42":{"start":{"line":334,"column":4},"end":{"line":334,"column":86}},"43":{"start":{"line":340,"column":4},"end":{"line":340,"column":69}},"44":{"start":{"line":341,"column":4},"end":{"line":341,"column":57}},"45":{"start":{"line":342,"column":4},"end":{"line":342,"column":55}},"46":{"start":{"line":343,"column":4},"end":{"line":343,"column":45}},"47":{"start":{"line":344,"column":4},"end":{"line":348,"column":null}},"48":{"start":{"line":346,"column":6},"end":{"line":346,"column":52}},"49":{"start":{"line":349,"column":4},"end":{"line":349,"column":39}},"50":{"start":{"line":350,"column":4},"end":{"line":350,"column":53}},"51":{"start":{"line":351,"column":4},"end":{"line":351,"column":39}},"52":{"start":{"line":352,"column":4},"end":{"line":352,"column":53}},"53":{"start":{"line":353,"column":4},"end":{"line":353,"column":35}},"54":{"start":{"line":355,"column":4},"end":{"line":361,"column":null}},"55":{"start":{"line":357,"column":6},"end":{"line":357,"column":40}},"56":{"start":{"line":358,"column":6},"end":{"line":358,"column":46}},"57":{"start":{"line":359,"column":6},"end":{"line":359,"column":24}},"58":{"start":{"line":368,"column":4},"end":{"line":368,"column":33}},"59":{"start":{"line":369,"column":4},"end":{"line":369,"column":40}},"60":{"start":{"line":370,"column":4},"end":{"line":370,"column":33}},"61":{"start":{"line":371,"column":4},"end":{"line":371,"column":40}},"62":{"start":{"line":374,"column":4},"end":{"line":382,"column":7}},"63":{"start":{"line":376,"column":6},"end":{"line":380,"column":8}},"64":{"start":{"line":385,"column":4},"end":{"line":389,"column":7}},"65":{"start":{"line":387,"column":6},"end":{"line":387,"column":68}},"66":{"start":{"line":392,"column":4},"end":{"line":396,"column":7}},"67":{"start":{"line":394,"column":6},"end":{"line":394,"column":61}},"68":{"start":{"line":399,"column":4},"end":{"line":403,"column":7}},"69":{"start":{"line":401,"column":6},"end":{"line":401,"column":68}},"70":{"start":{"line":406,"column":4},"end":{"line":448,"column":7}},"71":{"start":{"line":408,"column":29},"end":{"line":408,"column":52}},"72":{"start":{"line":409,"column":34},"end":{"line":409,"column":56}},"73":{"start":{"line":411,"column":6},"end":{"line":417,"column":9}},"74":{"start":{"line":413,"column":26},"end":{"line":413,"column":65}},"75":{"start":{"line":415,"column":8},"end":{"line":415,"column":43}},"76":{"start":{"line":419,"column":6},"end":{"line":423,"column":9}},"77":{"start":{"line":421,"column":8},"end":{"line":421,"column":72}},"78":{"start":{"line":426,"column":6},"end":{"line":434,"column":null}},"79":{"start":{"line":428,"column":8},"end":{"line":432,"column":11}},"80":{"start":{"line":430,"column":10},"end":{"line":430,"column":76}},"81":{"start":{"line":436,"column":6},"end":{"line":440,"column":9}},"82":{"start":{"line":438,"column":8},"end":{"line":438,"column":65}},"83":{"start":{"line":442,"column":6},"end":{"line":446,"column":9}},"84":{"start":{"line":444,"column":8},"end":{"line":444,"column":72}},"85":{"start":{"line":459,"column":43},"end":{"line":459,"column":111}},"86":{"start":{"line":461,"column":33},"end":{"line":461,"column":35}},"87":{"start":{"line":463,"column":4},"end":{"line":471,"column":null}},"88":{"start":{"line":465,"column":6},"end":{"line":465,"column":86}},"89":{"start":{"line":469,"column":6},"end":{"line":469,"column":107}},"90":{"start":{"line":473,"column":4},"end":{"line":477,"column":7}},"91":{"start":{"line":475,"column":6},"end":{"line":475,"column":56}},"92":{"start":{"line":479,"column":4},"end":{"line":479,"column":16}},"93":{"start":{"line":491,"column":4},"end":{"line":491,"column":68}},"94":{"start":{"line":503,"column":4},"end":{"line":503,"column":67}},"95":{"start":{"line":515,"column":4},"end":{"line":515,"column":69}},"96":{"start":{"line":527,"column":4},"end":{"line":527,"column":81}},"97":{"start":{"line":539,"column":4},"end":{"line":539,"column":57}},"98":{"start":{"line":551,"column":4},"end":{"line":551,"column":81}},"99":{"start":{"line":557,"column":4},"end":{"line":557,"column":25}},"100":{"start":{"line":569,"column":4},"end":{"line":569,"column":23}},"101":{"start":{"line":570,"column":4},"end":{"line":580,"column":7}},"102":{"start":{"line":572,"column":20},"end":{"line":572,"column":27}},"103":{"start":{"line":574,"column":6},"end":{"line":578,"column":null}},"104":{"start":{"line":576,"column":8},"end":{"line":576,"column":57}},"105":{"start":{"line":581,"column":4},"end":{"line":581,"column":22}},"106":{"start":{"line":54,"column":16},"end":{"line":54,"column":60}},"107":{"start":{"line":71,"column":16},"end":{"line":71,"column":83}},"108":{"start":{"line":88,"column":16},"end":{"line":88,"column":66}},"109":{"start":{"line":39,"column":0},"end":{"line":39,"column":13}}},"fnMap":{"0":{"name":"(anonymous_0)","decl":{"start":{"line":190,"column":2},"end":{"line":190,"column":22}},"loc":{"start":{"line":190,"column":63},"end":{"line":233,"column":3}}},"1":{"name":"(anonymous_1)","decl":{"start":{"line":201,"column":38},"end":{"line":201,"column":39}},"loc":{"start":{"line":201,"column":66},"end":{"line":205,"column":7}}},"2":{"name":"(anonymous_2)","decl":{"start":{"line":234,"column":10},"end":{"line":234,"column":31}},"loc":{"start":{"line":234,"column":43},"end":{"line":244,"column":3}}},"3":{"name":"(anonymous_3)","decl":{"start":{"line":246,"column":10},"end":{"line":246,"column":17}},"loc":{"start":{"line":246,"column":29},"end":{"line":265,"column":3}}},"4":{"name":"(anonymous_4)","decl":{"start":{"line":248,"column":36},"end":{"line":248,"column":37}},"loc":{"start":{"line":248,"column":82},"end":{"line":262,"column":5}}},"5":{"name":"(anonymous_5)","decl":{"start":{"line":250,"column":27},"end":{"line":250,"column":28}},"loc":{"start":{"line":250,"column":54},"end":{"line":255,"column":7}}},"6":{"name":"(anonymous_6)","decl":{"start":{"line":256,"column":15},"end":{"line":256,"column":16}},"loc":{"start":{"line":256,"column":36},"end":{"line":260,"column":9}}},"7":{"name":"(anonymous_7)","decl":{"start":{"line":275,"column":9},"end":{"line":275,"column":23}},"loc":{"start":{"line":275,"column":36},"end":{"line":326,"column":3}}},"8":{"name":"(anonymous_8)","decl":{"start":{"line":277,"column":23},"end":{"line":277,"column":24}},"loc":{"start":{"line":277,"column":69},"end":{"line":324,"column":5}}},"9":{"name":"(anonymous_9)","decl":{"start":{"line":299,"column":33},"end":{"line":299,"column":42}},"loc":{"start":{"line":299,"column":44},"end":{"line":303,"column":11}}},"10":{"name":"(anonymous_10)","decl":{"start":{"line":304,"column":19},"end":{"line":304,"column":20}},"loc":{"start":{"line":304,"column":33},"end":{"line":308,"column":13}}},"11":{"name":"(anonymous_11)","decl":{"start":{"line":327,"column":2},"end":{"line":327,"column":13}},"loc":{"start":{"line":327,"column":21},"end":{"line":331,"column":3}}},"12":{"name":"(anonymous_12)","decl":{"start":{"line":332,"column":10},"end":{"line":332,"column":22}},"loc":{"start":{"line":332,"column":41},"end":{"line":336,"column":3}}},"13":{"name":"(anonymous_13)","decl":{"start":{"line":338,"column":10},"end":{"line":338,"column":21}},"loc":{"start":{"line":338,"column":40},"end":{"line":363,"column":3}}},"14":{"name":"(anonymous_14)","decl":{"start":{"line":365,"column":10},"end":{"line":365,"column":20}},"loc":{"start":{"line":365,"column":20},"end":{"line":450,"column":3}}},"15":{"name":"(anonymous_15)","decl":{"start":{"line":374,"column":39},"end":{"line":374,"column":40}},"loc":{"start":{"line":374,"column":67},"end":{"line":382,"column":5}}},"16":{"name":"(anonymous_16)","decl":{"start":{"line":385,"column":46},"end":{"line":385,"column":47}},"loc":{"start":{"line":385,"column":74},"end":{"line":389,"column":5}}},"17":{"name":"(anonymous_17)","decl":{"start":{"line":392,"column":39},"end":{"line":392,"column":40}},"loc":{"start":{"line":392,"column":67},"end":{"line":396,"column":5}}},"18":{"name":"(anonymous_18)","decl":{"start":{"line":399,"column":46},"end":{"line":399,"column":47}},"loc":{"start":{"line":399,"column":74},"end":{"line":403,"column":5}}},"19":{"name":"(anonymous_19)","decl":{"start":{"line":406,"column":39},"end":{"line":406,"column":40}},"loc":{"start":{"line":406,"column":66},"end":{"line":448,"column":5}}},"20":{"name":"(anonymous_20)","decl":{"start":{"line":411,"column":32},"end":{"line":411,"column":33}},"loc":{"start":{"line":411,"column":60},"end":{"line":417,"column":7}}},"21":{"name":"(anonymous_21)","decl":{"start":{"line":419,"column":38},"end":{"line":419,"column":39}},"loc":{"start":{"line":419,"column":66},"end":{"line":423,"column":7}}},"22":{"name":"(anonymous_22)","decl":{"start":{"line":428,"column":42},"end":{"line":428,"column":43}},"loc":{"start":{"line":428,"column":70},"end":{"line":432,"column":9}}},"23":{"name":"(anonymous_23)","decl":{"start":{"line":436,"column":32},"end":{"line":436,"column":33}},"loc":{"start":{"line":436,"column":60},"end":{"line":440,"column":7}}},"24":{"name":"(anonymous_24)","decl":{"start":{"line":442,"column":39},"end":{"line":442,"column":40}},"loc":{"start":{"line":442,"column":67},"end":{"line":446,"column":7}}},"25":{"name":"(anonymous_25)","decl":{"start":{"line":452,"column":10},"end":{"line":452,"column":28}},"loc":{"start":{"line":456,"column":21},"end":{"line":481,"column":3}}},"26":{"name":"(anonymous_26)","decl":{"start":{"line":473,"column":22},"end":{"line":473,"column":23}},"loc":{"start":{"line":473,"column":49},"end":{"line":477,"column":5}}},"27":{"name":"(anonymous_27)","decl":{"start":{"line":489,"column":9},"end":{"line":489,"column":37}},"loc":{"start":{"line":489,"column":55},"end":{"line":493,"column":3}}},"28":{"name":"(anonymous_28)","decl":{"start":{"line":501,"column":9},"end":{"line":501,"column":36}},"loc":{"start":{"line":501,"column":54},"end":{"line":505,"column":3}}},"29":{"name":"(anonymous_29)","decl":{"start":{"line":513,"column":9},"end":{"line":513,"column":38}},"loc":{"start":{"line":513,"column":56},"end":{"line":517,"column":3}}},"30":{"name":"(anonymous_30)","decl":{"start":{"line":525,"column":9},"end":{"line":525,"column":37}},"loc":{"start":{"line":525,"column":62},"end":{"line":529,"column":3}}},"31":{"name":"(anonymous_31)","decl":{"start":{"line":537,"column":9},"end":{"line":537,"column":30}},"loc":{"start":{"line":537,"column":48},"end":{"line":541,"column":3}}},"32":{"name":"(anonymous_32)","decl":{"start":{"line":549,"column":9},"end":{"line":549,"column":37}},"loc":{"start":{"line":549,"column":62},"end":{"line":553,"column":3}}},"33":{"name":"(anonymous_33)","decl":{"start":{"line":555,"column":2},"end":{"line":555,"column":13}},"loc":{"start":{"line":555,"column":20},"end":{"line":559,"column":3}}},"34":{"name":"(anonymous_34)","decl":{"start":{"line":567,"column":9},"end":{"line":567,"column":24}},"loc":{"start":{"line":567,"column":44},"end":{"line":583,"column":3}}},"35":{"name":"(anonymous_35)","decl":{"start":{"line":570,"column":22},"end":{"line":570,"colu
[...]
oc":{"start":{"line":606,"column":30},"end":{"line":611,"column":3}}},"36":{"name":"(anonymous_36)","decl":{"start":{"line":618,"column":9},"end":{"line":618,"column":32}},"loc":{"start":{"line":618,"column":32},"end":{"line":622,"column":3}}},"37":{"name":"(anonymous_37)","decl":{"start":{"line":629,"column":9},"end":{"line":629,"column":36}},"loc":{"start":{"line":629,"column":36},"end":{"line":634,"column":3}}},"38":{"name":"(anonymous_38)","decl":{"start":{"line":641,"column":9},"end":{"line":641,"column":38}},"loc":{"start":{"line":641,"column":38},"end":{"line":645,"column":3}}},"39":{"name":"(anonymous_39)","decl":{"start":{"line":652,"column":9},"end":{"line":652,"column":35}},"loc":{"start":{"line":652,"column":35},"end":{"line":657,"column":3}}},"40":{"name":"(anonymous_40)","decl":{"start":{"line":664,"column":9},"end":{"line":664,"column":37}},"loc":{"start":{"line":664,"column":37},"end":{"line":668,"column":3}}},"41":{"name":"(anonymous_41)","decl":{"start":{"line":681,"column":9},"end":{"line":681,"column":15}},"loc":{"start":{"line":681,"column":15},"end":{"line":691,"column":3}}},"42":{"name":"(anonymous_42)","decl":{"start":{"line":704,"column":9},"end":{"line":704,"column":17}},"loc":{"start":{"line":704,"column":17},"end":{"line":712,"column":3}}},"43":{"name":"(anonymous_43)","decl":{"start":{"line":722,"column":10},"end":{"line":722,"column":20}},"loc":{"start":{"line":722,"column":55},"end":{"line":726,"column":3}}},"44":{"name":"(anonymous_44)","decl":{"start":{"line":733,"column":9},"end":{"line":733,"column":16}},"loc":{"start":{"line":733,"column":16},"end":{"line":737,"column":3}}},"45":{"name":"(anonymous_45)","decl":{"start":{"line":745,"column":9},"end":{"line":745,"column":16}},"loc":{"start":{"line":745,"column":16},"end":{"line":762,"column":3}}}},"branchMap":{"0":{"loc":{"start":{"line":107,"column":4},"end":{"line":111,"column":null}},"type":"if","locations":[{"start":{"line":107,"column":4},"end":{"line":111,"column":null}},{"start":{"line":107,"column":4},"end":{"line":111,"column":null}}]},"1":{"loc":{"start":{"line":124,"column":4},"end":{"line":135,"column":null}},"type":"if","locations":[{"start":{"line":124,"column":4},"end":{"line":135,"column":null}},{"start":{"line":124,"column":4},"end":{"line":135,"column":null}}]},"2":{"loc":{"start":{"line":200,"column":4},"end":{"line":209,"column":null}},"type":"if","locations":[{"start":{"line":200,"column":4},"end":{"line":209,"column":null}},{"start":{"line":200,"column":4},"end":{"line":209,"column":null}}]},"3":{"loc":{"start":{"line":229,"column":4},"end":{"line":237,"column":null}},"type":"if","locations":[{"start":{"line":229,"column":4},"end":{"line":237,"column":null}},{"start":{"line":229,"column":4},"end":{"line":237,"column":null}}]},"4":{"loc":{"start":{"line":260,"column":4},"end":{"line":268,"column":null}},"type":"if","locations":[{"start":{"line":260,"column":4},"end":{"line":268,"column":null}},{"start":{"line":260,"column":4},"end":{"line":268,"column":null}}]},"5":{"loc":{"start":{"line":291,"column":4},"end":{"line":299,"column":null}},"type":"if","locations":[{"start":{"line":291,"column":4},"end":{"line":299,"column":null}},{"start":{"line":291,"column":4},"end":{"line":299,"column":null}}]},"6":{"loc":{"start":{"line":333,"column":4},"end":{"line":341,"column":null}},"type":"if","locations":[{"start":{"line":333,"column":4},"end":{"line":341,"column":null}},{"start":{"line":333,"column":4},"end":{"line":341,"column":null}}]},"7":{"loc":{"start":{"line":350,"column":4},"end":{"line":358,"column":null}},"type":"if","locations":[{"start":{"line":350,"column":4},"end":{"line":358,"column":null}},{"start":{"line":350,"column":4},"end":{"line":358,"column":null}}]},"8":{"loc":{"start":{"line":350,"column":8},"end":{"line":350,"column":29}},"type":"binary-expr","locations":[{"start":{"line":350,"column":8},"end":{"line":350,"column":29}},{"start":{"line":350,"column":33},"end":{"line":350,"column":40}}]},"9":{"loc":{"start":{"line":377,"column":4},"end":{"line":385,"column":null}},"type":"if","locations":[{"start":{"line":377,"column":4},"end":{"line":385,"column":null}},{"start":{"line":377,"column":4},"end":{"line":385,"column":null}}]},"10":{"loc":{"start":{"line":377,"column":8},"end":{"line":377,"column":29}},"type":"binary-expr","locations":[{"start":{"line":377,"column":8},"end":{"line":377,"column":29}},{"start":{"line":377,"column":33},"end":{"line":377,"column":40}}]},"11":{"loc":{"start":{"line":403,"column":4},"end":{"line":411,"column":null}},"type":"if","locations":[{"start":{"line":403,"column":4},"end":{"line":411,"column":null}},{"start":{"line":403,"column":4},"end":{"line":411,"column":null}}]},"12":{"loc":{"start":{"line":403,"column":8},"end":{"line":403,"column":29}},"type":"binary-expr","locations":[{"start":{"line":403,"column":8},"end":{"line":403,"column":29}},{"start":{"line":403,"column":33},"end":{"line":403,"column":68}},{"start":{"line":403,"column":72},"end":{"line":403,"column":79}}]},"13":{"loc":{"start":{"line":532,"column":4},"end":{"line":536,"column":null}},"type":"if","locations":[{"start":{"line":532,"column":4},"end":{"line":536,"column":null}},{"start":{"line":532,"column":4},"end":{"line":536,"column":null}}]},"14":{"loc":{"start":{"line":539,"column":6},"end":{"line":549,"column":null}},"type":"if","locations":[{"start":{"line":539,"column":6},"end":{"line":549,"column":null}},{"start":{"line":539,"column":6},"end":{"line":549,"column":null}}]},"15":{"loc":{"start":{"line":543,"column":8},"end":{"line":547,"column":null}},"type":"if","locations":[{"start":{"line":543,"column":8},"end":{"line":547,"column":null}},{"start":{"line":543,"column":8},"end":{"line":547,"column":null}}]},"16":{"loc":{"start":{"line":724,"column":12},"end":{"line":724,"column":41}},"type":"binary-expr","locations":[{"start":{"line":724,"column":12},"end":{"line":724,"column":41}},{"start":{"line":724,"column":45},"end":{"line":724,"column":64}}]},"17":{"loc":{"start":{"line":747,"column":12},"end":{"line":747,"column":48}},"type":"binary-expr","locations":[{"start":{"line":747,"column":12},"end":{"line":747,"column":48}},{"start":{"line":748,"column":9},"end":{"line":748,"column":48}},{"start":{"line":749,"column":9},"end":{"line":749,"column":33}},{"start":{"line":750,"column":9},"end":{"line":750,"column":38}},{"start":{"line":751,"column":9},"end":{"line":751,"column":43}},{"start":{"line":752,"column":9},"end":{"line":752,"column":48}},{"start":{"line":753,"column":9},"end":{"line":753,"column":48}},{"start":{"line":754,"column":9},"end":{"line":754,"column":41}},{"start":{"line":755,"column":9},"end":{"line":755,"column":35}},{"start":{"line":756,"column":9},"end":{"line":756,"column":31}},{"start":{"line":757,"column":9},"end":{"line":757,"column":39}},{"start":{"line":758,"column":9},"end":{"line":758,"column":41}},{"start":{"line":759,"column":9},"end":{"line":759,"column":45}},{"start":{"line":760,"column":9},"end":{"line":760,"column":35}}]}},"s":{"0":1,"1":1,"2":1,"3":56,"4":56,"5":56,"6":56,"7":56,"8":56,"9":56,"10":56,"11":56,"12":56,"13":56,"14":56,"15":56,"16":56,"17":21,"18":56,"19":56,"20":24,"21":23,"22":23,"23":23,"24":23,"25":1,"26":35,"27":57,"28":5,"29":57,"30":5,"31":8,"32":5,"33":3,"34":8,"35":8,"36":5,"37":3,"38":7,"39":4,"40":1,"41":3,"42":5,"43":32,"44":27,"45":5,"46":14,"47":4,"48":0,"49":0,"50":0,"51":0,"52":0,"53":0,"54":6,"55":0,"56":0,"57":0,"58":6,"59":5,"60":2,"61":3,"62":13,"63":1,"64":9,"65":1,"66":9,"67":0,"68":4,"69":153,"70":15,"71":0,"72":15,"73":153,"74":153,"75":153,"76":153,"77":3,"78":3,"79":2,"80":3,"81":3,"82":2,"83":3,"84":3,"85":2,"86":3,"87":3,"88":2,"89":3,"90":3,"91":2,"92":1,"93":1,"94":1,"95":1,"96":1,"97":1,"98":1,"99":1,"100":1,"101":1,"102":1,"103":20,"104":56,"105":6,"106":1,"107":1},"f":{"0":56,"1":24,"2":35,"3":57,"4":5,"5":57,"6":5,"7":8,"8":8,"9":8,"10":7,"11":4,"12":5,"13":32,"14":14,"15":4,"16":0,"17":0,"18":6,"19":0,"20":6,"21":5,"22":13,"23":1,"24":9,"25":1,"26":9,"27":0,"28":4,"29":153,"30":15,"31":3,"32":2,"33":3,"34":2,"35":3,"36":2,"37":3,"38":2,"39":3,"40":2,"41":1,"42":1,"43":20,"44":56,"45":6},"b":{"0":[21,35],"1":[23,1],"2":[5,3],"3":[5,3],"4":[1,3],"5":[27,5],"6":[0,0],"7":[0,0],"8":[0,0],"9":[0,0],"10":[0,0],"11":[2,3],"12":[5,4,3],"13":[0,15],"14":[153,0],"15":[153,0],"16":[20,17],"17":[6,6,6,5,4,3,3,3,3,3,3,3,3,3]}},"/Users/cpaterson/projects/dpe/iab/iabtcf/modules/core/src/TCString.ts":{"path":"/Users/cpaterson/projects/dpe/iab/iabtcf/modules/core/src/TCString.ts","statementMap":{"0":{"start":{"line":1,"column":0},"end":{"line":1,"column":51}},"1":{"start":{"line":2,"column":0},"end":{"line":2,"column":54}},"2":{"start":{"line":3,"column":0},"end":{"line":3,"column":47}},"3":{"start":{"line":4,"column":0},"end":{"line":4,"column":47}},"4":{"start":{"line":5,"column":0},"end":{"line":5,"column":47}},"5":{"start":{"line":8,"column":0},"end":{"line":8,"column":45}},"6":{"start":{"line":25,"column":4},"end":{"line":29,"column":null}},"7":{"start":{"line":27,"column":6},"end":{"line":27,"column":49}},"8":{"start":{"line":30,"column":40},"end":{"line":30,"column":76}},"9":{"start":{"line":31,"column":31},"end":{"line":31,"column":35}},"10":{"start":{"line":32,"column":21},"end":{"line":32,"column":22}},"11":{"start":{"line":33,"column":17},"end":{"line":33,"column":18}},"12":{"start":{"line":35,"column":4},"end":{"line":65,"column":7}},"13":{"start":{"line":37,"column":6},"end":{"line":37,"column":31}},"14":{"start":{"line":39,"column":6},"end":{"line":62,"column":null}},"15":{"start":{"line":41,"column":8},"end":{"line":41,"column":26}},"16":{"start":{"line":42,"column":8},"end":{"line":42,"column":24}},"17":{"start":{"line":43,"column":8},"end":{"line":43,"column":34}},"18":{"start":{"line":47,"column":39},"end":{"line":47,"column":51}},"19":{"start":{"line":49,"column":32},"end":{"line":49,"column":46}},"20":{"start":{"line":50,"column":41},"end":{"line":50,"column":70}},"21":{"start":{"line":52,"column":8},"end":{"line":60,"column":null}},"22":{"start":{"line":54,"column":10},"end":{"line":54,"column":65}},"23":{"start":{"line":58,"column":10},"end":{"line":58,"column":77}},"24":{"start":{"line":71,"column":4},"end":{"line":71,"column":46}},"25":{"start":{"line":76,"column":4},"end":{"line":76,"column":67}},"26":{"start":{"line":79,"column":4},"end":{"line":79,"column":47}},"27":{"start":{"line":92,"column":20},"end":{"line":92,"column":33}},"28":{"start":{"line":93,"column":40},"end":{"line":93,"column":76}},"29":{"start":{"line":94,"column":21},"end":{"line":94,"column":52}},"30":{"start":{"line":95,"column":21},"end":{"line":95,"column":22}},"31":{"start":{"line":97,"column":4},"end":{"line":146,"column":7}},"32":{"start":{"line":99,"column":24},"end":{"line":99,"column":25}},"33":{"start":{"line":101,"column":6},"end":{"line":130,"column":null}},"34":{"start":{"line":104,"column":30},"end":{"line":104,"column":77}},"35":{"start":{"line":105,"column":28},"end":{"line":105,"column":113}},"36":{"start":{"line":107,"column":8},"end":{"line":111,"column":null}},"37":{"start":{"line":109,"column":10},"end":{"line":109,"column":61}},"38":{"start":{"line":115,"column":41},"end":{"line":115,"column":70}},"39":{"start":{"line":117,"column":8},"end":{"line":117,"column":83}},"40":{"start":{"line":123,"column":8},"end":{"line":127,"column":null}},"41":{"start":{"line":125,"column":10},"end":{"line":125,"column":82}},"42":{"start":{"line":136,"column":6},"end":{"line":144,"column":null}},"43":{"start":{"line":138,"column":8},"end":{"line":138,"column":67}},"44":{"start":{"line":142,"column":8},"end":{"line":142,"column":59}},"45":{"start":{"line":149,"column":4},"end":{"line":149,"column":19}},"46":{"start":{"line":155,"column":8},"end":{"line":155,"column":16}}},"fnMap":{"0":{"name":"(anonymous_0)","decl":{"start":{"line":23,"column":9},"end":{"line":23,"column":15}},"loc":{"start":{"line":23,"column":39},"end":{"line":81,"column":3}}},"1":{"name":"(anonymous_1)","decl":{"start":{"line":35,"column":21},"end":{"line":35,"column":22}},"loc":{"start":{"line":35,"column":43},"end":{"line":65,"column":5}}},"2":{"name":"(anonymous_2)","decl":{"start":{"line":90,"column":9},"end":{"line":90,"column":15}},"loc":{"start":{"line":90,"column":44},"end":{"line":151,"column":3}}},"3":{"name":"(anonymous_3)","decl":{"start":{"line":97,"column":21},"end":{"line":97,"column":22}},"loc":{"start":{"line":97,"column":43},"end":{"line":146,"column":5}}}},"branchMap":{"0":{"loc":{"start":{"line":25,"column":4},"end":{"line":29,"column":null}},"type":"if","locations":[{"start":{"line":25,"column":4},"end":{"line":29,"column":null}},{"start":{"line":25,"column":4},"end":{"line":29,"column":null}}]},"1":{"loc":{"start":{"line":39,"column":6},"end":{"line":62,"column":null}},"type":"if","locations":[{"start":{"line":39,"column":6},"end":{"line":62,"column":null}},{"start":{"line":39,"column":6},"end":{"line":62,"column":null}}]},"2":{"loc":{"start":{"line":101,"column":6},"end":{"line":130,"column":null}},"type":"if","locations":[{"start":{"line":101,"column":6},"end":{"line":130,"column":null}},{"start":{"line":101,"column":6},"end":{"line":130,"column":null}}]},"3":{"loc":{"start":{"line":107,"column":8},"end":{"line":111,"column":null}},"type":"if","locations":[{"start":{"line":107,"column":8},"end":{"line":111,"column":null}},{"start":{"line":107,"column":8},"end":{"line":111,"column":null}}]},"4":{"loc":{"start":{"line":123,"column":8},"end":{"line":127,"column":null}},"type":"if","locations":[{"start":{"line":123,"column":8},"end":{"line":127,"column":null}},{"start":{"line":123,"column":8},"end":{"line":127,"column":null}}]},"5":{"loc":{"start":{"line":136,"column":6},"end":{"line":144,"column":null}},"type":"if","locations":[{"start":{"line":136,"column":6},"end":{"line":144,"column":null}},{"start":{"line":136,"column":6},"end":{"line":144,"column":null}}]},"6":{"loc":{"start":{"line":136,"column":10},"end":{"line":136,"column":21}},"type":"binary-expr","locations":[{"start":{"line":136,"column":10},"end":{"line":136,"column":21}},{"start":{"line":136,"column":25},"end":{"line":136,"column":39}}]},"7":{"loc":{"start":{"line":138,"column":38},"end":{"line":138,"column":49}},"type":"cond-expr","locations":[{"start":{"line":138,"column":38},"end":{"line":138,"column":49}},{"start":{"line":138,"column":52},"end":{"line":138,"column":66}}]}},"s":{"0":1,"1":1,"2":1,"3":1,"4":1,"5":1,"6":1,"7":0,"8":1,"9":1,"10":1,"11":1,"12":1,"13":20,"14":20,"15":1,"16":1,"17":1,"18":19,"19":19,"20":19,"21":19,"22":19,"23":0,"24":1,"25":1,"26":1,"27":0,"28":0,"29":0,"30":0,"31":0,"32":0,"33":0,"34":0,"35":0,"36":0,"37":0,"38":0,"39":0,"40":0,"41":0,"42":0,"43":0,"44":0,"45":0,"46":1},"f":{"0":1,"1":20,"2":0,"3":0},"b":{"0":[0,1],"1":[1,19],"2":[0,0],"3":[0,0],"4":[0,0],"5":[0,0],"6":[0,0],"7":[0,0]}},"/Users/cpaterson/projects/dpe/iab/iabtcf/modules/core/src/tcstring/Encodings.ts":{"path":"/Users/cpaterson/projects/dpe/iab/iabtcf/modules/core/src/tcstring/Encodings.ts","statementMap":{"0":{"start":{"line":1,"column":0},"end":{"line":1,"column":39}},"1":{"start":{"line":2,"column":0},"end":{"line":2,"column":39}},"2":{"start":{"line":13,"column":16},"end":{"line":52,"column":4}},"3":{"start":{"line":54,"column":25},"end":{"line":74,"column":4}},"4":{"start":{"line":76,"column":25},"end":{"line":96,"column":4}},"5":{"start":{"line":4,"column":0},"end":{"line":4,"column":13}}},"fnMap":{},"branchMap":{},"s":{"0":1,"1":1,"2":1,"3":1,"4":1,"5":1},"f":{},"b":{}},"/Users/cpaterson/projects/dpe/iab/iabtcf/modules/core/src/tcstring/encoders/index.ts":{"path":"/Users/cpaterson/projects/dpe/iab/iabtcf/modules/core/src/tcstring/encoders/index.ts","statementMap":{"0":{"start":{"line":1,"column":0},"end":{"line":1,"column":29}},"1":{"start":{"line":2,"column":0},"end":{"line":2,"column":30}},"2":{"start":{"line":3,"column":0},"end":{"line":3,"column":33}},"3":{"start":{"line":4,"column":0},"end":{"line":4,"column":30}},"4":{"start":{"line":5,"column":0},"end":{"line":5,"column":38}},"5":{"start":{"line":6,"column":0},"end":{"line":6,"column":37}},"6":{"start":{"line":7,"column":0},"end":{"line":7,"column":45}}},"fnMap":{},"branchMap":{},"s":{"0":1,"1":1,"2":1,"3":1,"4":1,"5":1,"6":1},"f":{},"b":{}},"/Users/cpaterson/projects/dpe/iab/iabtcf/modules/core/src/tcstring/decoders/index.ts":{"path":"/Users/cpaterson/projects/dpe/iab/iabtcf/modules/core/src/tcstring/decoders/index.ts","statementMap":{"0":{"start":{"line":1,"column":0},"end":{"line":1,"column":29}},"1":{"start":{"line":2,"column":0},"end":{"line":2,"column":30}},"2":{"start":{"line":3,"column":0},"end":{"line":3,"column":33}},"3":{"start":{"line":4,"column":0},"end":{"line":4,"column":30}},"4":{"start":{"line":5,"column":0},"end":{"line":5,"column":38}},"5":{"start":{"line":6,"column":0},"end":{"line":6,"column":37}},"6":{"start":{"line":7,"column":0},"end":{"line":7,"column":45}}},"fnMap":{},"branchMap":{},"s":{"0":1,"1":1,"2":1,"3":1,"4":1,"5":1,"6":1},"f":{},"b":{}},"/Users/cpaterson/projects/dpe/iab/iabtcf/modules/core/src/tcstring/decoders/PurposeRestrictionsDecoder.ts":{"path":"/Users/cpaterson/projects/dpe/iab/iabtcf/modules/core/src/tcstring/decoders/PurposeRestrictionsDecoder.ts","statementMap":{"0":{"start":{"line":2,"column":0},"end":{"line":2,"column":78}},"1":{"start":{"line":8,"column":45},"end":{"line":8,"column":75}},"2":{"start":{"line":10,"column":4},"end":{"line":10,"column":18}},"3":{"start":{"line":4,"column":0},"end":{"line":4,"column":13}}},"fnMap":{"0":{"name":"(anonymous_0)","decl":{"start":{"line":6,"column":9},"end":{"line":6,"column":15}},"loc":{"start":{"line":6,"column":29},"end":{"line":12,"column":3}}}},"branchMap":{},"s":{"0":1,"1":0,"2":0,"3":1},"f":{"0":0},"b":{}},"/Users/cpaterson/projects/dpe/iab/iabtcf/modules/core/src/tcstring/Checksum.ts":{"path":"/Users/cpaterson/projects/dpe/iab/iabtcf/modules/core/src/tcstring/Checksum.ts","statementMap":{"0":{"start":{"line":52,"column":4},"end":{"line":56,"column":null}},"1":{"start":{"line":54,"column":6},"end":{"line":54,"column":42}},"2":{"start":{"line":58,"column":15},"end":{"line":58,"column":17}},"3":{"start":{"line":59,"column":14},"end":{"line":59,"column":20}},"4":{"start":{"line":62,"column":4},"end":{"line":62,"column":82}},"5":{"start":{"line":64,"column":4},"end":{"line":70,"column":null}},"6":{"start":{"line":64,"column":16},"end":{"line":64,"column":17}},"7":{"start":{"line":66,"column":19},"end":{"line":66,"column":68}},"8":{"start":{"line":68,"column":6},"end":{"line":68,"column":83}},"9":{"start":{"line":73,"column":4},"end":{"line":73,"column":27}},"10":{"start":{"line":76,"column":4},"end":{"line":81,"column":null}},"11":{"start":{"line":79,"column":6},"end":{"line":79,"column":59}},"12":{"start":{"line":82,"column":4},"end":{"line":82,"column":16}},"13":{"start":{"line":3,"column":17},"end":{"line":36,"column":null}},"14":{"start":{"line":38,"column":17},"end":{"line":38,"column":41}},"15":{"start":{"line":1,"column":0},"end":{"line":1,"column":13}}},"fnMap":{"0":{"name":"(anonymous_0)","decl":{"start":{"line":50,"column":9},"end":{"line":50,"column":15}},"loc":{"start":{"line":50,"column":65},"end":{"line":84,"column":3}}}},"branchMap":{"0":{"loc":{"start":{"line":50,"column":64},"end":{"line":50,"column":65}},"type":"default-arg","locations":[{"start":{"line":50,"column":64},"end":{"line":50,"column":65}}]},"1":{"loc":{"start":{"line":52,"column":4},"end":{"line":56,"column":null}},"type":"if","locations":[{"start":{"line":52,"column":4},"end":{"line":56,"column":null}},{"start":{"line":52,"column":4},"end":{"line":56,"column":null}}]},"2":{"loc":{"start":{"line":76,"column":4},"end":{"line":81,"column":null}},"type":"if","locations":[{"start":{"line":76,"column":4},"end":{"line":81,"column":null}},{"start":{"line":76,"column":4},"end":{"line":81,"column":null}}]}},"s":{"0":1,"1":0,"2":1,"3":1,"4":1,"5":1,"6":1,"7":37,"8":37,"9":1,"10":1,"11":1,"12":1,"13":1,"14":1,"15":1},"f":{"0":1},"b":{"0":[0],"1":[0,1],"2":[1,0]}}}