TN:
SF:/Users/cpaterson/projects/dpe/iab/iabtcf/modules/core/src/GVL.ts
FN:190,(anonymous_0)
FN:201,(anonymous_1)
FN:234,(anonymous_2)
FN:246,(anonymous_3)
FN:248,(anonymous_4)
FN:250,(anonymous_5)
FN:256,(anonymous_6)
FN:275,(anonymous_7)
FN:277,(anonymous_8)
FN:299,(anonymous_9)
FN:304,(anonymous_10)
FN:327,(anonymous_11)
FN:332,(anonymous_12)
FN:338,(anonymous_13)
FN:365,(anonymous_14)
FN:374,(anonymous_15)
FN:385,(anonymous_16)
FN:392,(anonymous_17)
FN:399,(anonymous_18)
FN:406,(anonymous_19)
FN:411,(anonymous_20)
FN:419,(anonymous_21)
FN:428,(anonymous_22)
FN:436,(anonymous_23)
FN:442,(anonymous_24)
FN:452,(anonymous_25)
FN:473,(anonymous_26)
FN:489,(anonymous_27)
FN:501,(anonymous_28)
FN:513,(anonymous_29)
FN:525,(anonymous_30)
FN:537,(anonymous_31)
FN:549,(anonymous_32)
FN:555,(anonymous_33)
FN:567,(anonymous_34)
FN:570,(anonymous_35)
FNF:36
FNH:36
FNDA:32,(anonymous_0)
FNDA:28,(anonymous_1)
FNDA:5,(anonymous_2)
FNDA:5,(anonymous_3)
FNDA:5,(anonymous_4)
FNDA:4,(anonymous_5)
FNDA:1,(anonymous_6)
FNDA:10,(anonymous_7)
FNDA:10,(anonymous_8)
FNDA:1,(anonymous_9)
FNDA:1,(anonymous_10)
FNDA:27,(anonymous_11)
FNDA:64,(anonymous_12)
FNDA:32,(anonymous_13)
FNDA:32,(anonymous_14)
FNDA:384,(anonymous_15)
FNDA:64,(anonymous_16)
FNDA:96,(anonymous_17)
FNDA:96,(anonymous_18)
FNDA:373,(anonymous_19)
FNDA:1090,(anonymous_20)
FNDA:372,(anonymous_21)
FNDA:498,(anonymous_22)
FNDA:465,(anonymous_23)
FNDA:746,(anonymous_24)
FNDA:44,(anonymous_25)
FNDA:102,(anonymous_26)
FNDA:12,(anonymous_27)
FNDA:12,(anonymous_28)
FNDA:12,(anonymous_29)
FNDA:2,(anonymous_30)
FNDA:3,(anonymous_31)
FNDA:3,(anonymous_32)
FNDA:167,(anonymous_33)
FNDA:1,(anonymous_34)
FNDA:1,(anonymous_35)
DA:1,1
DA:2,1
DA:39,1
DA:54,1
DA:71,1
DA:88,1
DA:179,32
DA:193,32
DA:195,32
DA:197,32
DA:199,28
DA:201,28
DA:203,28
DA:209,4
DA:211,1
DA:215,3
DA:217,3
DA:220,2
DA:221,2
DA:226,1
DA:227,1
DA:237,5
DA:239,5
DA:242,5
DA:248,5
DA:250,5
DA:252,4
DA:253,4
DA:258,1
DA:263,5
DA:277,10
DA:279,10
DA:281,4
DA:283,4
DA:285,3
DA:287,3
DA:289,1
DA:293,2
DA:296,2
DA:299,2
DA:301,1
DA:306,1
DA:312,1
DA:315,3
DA:320,6
DA:329,27
DA:334,64
DA:340,32
DA:341,32
DA:342,32
DA:343,32
DA:344,32
DA:346,32
DA:349,32
DA:350,32
DA:351,32
DA:352,32
DA:353,32
DA:355,32
DA:357,31
DA:358,31
DA:359,31
DA:368,32
DA:369,32
DA:370,32
DA:371,32
DA:374,32
DA:376,384
DA:385,32
DA:387,64
DA:392,32
DA:394,96
DA:399,32
DA:401,96
DA:406,32
DA:408,373
DA:409,373
DA:411,373
DA:413,1090
DA:415,1090
DA:419,373
DA:421,372
DA:426,373
DA:428,373
DA:430,498
DA:436,373
DA:438,465
DA:442,373
DA:444,746
DA:459,44
DA:461,44
DA:463,44
DA:465,36
DA:469,8
DA:473,44
DA:475,102
DA:479,44
DA:491,12
DA:503,12
DA:515,12
DA:527,2
DA:539,3
DA:551,3
DA:557,167
DA:569,1
DA:570,1
DA:572,1
DA:574,1
DA:576,1
DA:581,1
LF:110
LH:110
BRDA:197,0,0,28
BRDA:197,0,1,4
BRDA:209,1,0,1
BRDA:209,1,1,3
BRDA:217,2,0,2
BRDA:217,2,1,1
BRDA:237,3,0,5
BRDA:237,3,1,0
BRDA:279,4,0,4
BRDA:279,4,1,6
BRDA:283,5,0,3
BRDA:283,5,1,1
BRDA:287,6,0,1
BRDA:287,6,1,2
BRDA:334,7,0,64
BRDA:334,7,1,62
BRDA:344,8,0,32
BRDA:344,8,1,0
BRDA:355,9,0,31
BRDA:355,9,1,1
BRDA:426,10,0,373
BRDA:426,10,1,0
BRDA:463,11,0,36
BRDA:463,11,1,8
BRDA:463,12,0,44
BRDA:463,12,1,38
BRDA:469,13,0,5
BRDA:469,13,1,3
BRDA:574,14,0,1
BRDA:574,14,1,0
BRF:30
BRH:26
end_of_record
TN:
SF:/Users/cpaterson/projects/dpe/iab/iabtcf/modules/core/src/Json.ts
FN:9,(anonymous_0)
FN:11,(anonymous_1)
FN:14,(anonymous_2)
FN:40,(anonymous_3)
FN:45,(anonymous_4)
FN:50,(anonymous_5)
FNF:6
FNH:4
FNDA:8,(anonymous_0)
FNDA:8,(anonymous_1)
FNDA:7,(anonymous_2)
FNDA:1,(anonymous_3)
FNDA:0,(anonymous_4)
FNDA:0,(anonymous_5)
DA:11,8
DA:13,8
DA:14,8
DA:16,7
DA:19,7
DA:21,5
DA:23,0
DA:27,5
DA:33,2
DA:40,8
DA:42,1
DA:45,8
DA:47,0
DA:50,8
DA:52,0
DA:56,8
DA:57,8
DA:58,8
DA:59,8
DA:62,8
DA:63,8
DA:64,8
DA:67,8
DA:68,8
DA:75,1
LF:25
LH:22
BRDA:9,0,0,8
BRDA:9,1,0,8
BRDA:16,2,0,7
BRDA:16,2,1,0
BRDA:19,3,0,5
BRDA:19,3,1,2
BRDA:19,4,0,7
BRDA:19,4,1,7
BRDA:21,5,0,0
BRDA:21,5,1,5
BRF:10
BRH:8
end_of_record
TN:
SF:/Users/cpaterson/projects/dpe/iab/iabtcf/modules/core/src/TCModel.ts
FN:105,(anonymous_0)
FN:122,(anonymous_1)
FN:142,(anonymous_2)
FN:155,(anonymous_3)
FN:165,(anonymous_4)
FN:176,(anonymous_5)
FN:186,(anonymous_6)
FN:198,(anonymous_7)
FN:217,(anonymous_8)
FN:227,(anonymous_9)
FN:246,(anonymous_10)
FN:258,(anonymous_11)
FN:277,(anonymous_12)
FN:289,(anonymous_13)
FN:308,(anonymous_14)
FN:319,(anonymous_15)
FN:331,(anonymous_16)
FN:348,(anonymous_17)
FN:366,(anonymous_18)
FN:375,(anonymous_19)
FN:392,(anonymous_20)
FN:401,(anonymous_21)
FN:420,(anonymous_22)
FN:435,(anonymous_23)
FN:449,(anonymous_24)
FN:463,(anonymous_25)
FN:477,(anonymous_26)
FN:493,(anonymous_27)
FN:509,(anonymous_28)
FN:517,(anonymous_29)
FN:530,(anonymous_30)
FN:560,(anonymous_31)
FN:572,(anonymous_32)
FN:583,(anonymous_33)
FN:595,(anonymous_34)
FN:606,(anonymous_35)
FN:618,(anonymous_36)
FN:629,(anonymous_37)
FN:641,(anonymous_38)
FN:652,(anonymous_39)
FN:664,(anonymous_40)
FN:681,(anonymous_41)
FN:704,(anonymous_42)
FN:722,(anonymous_43)
FN:733,(anonymous_44)
FN:745,(anonymous_45)
FNF:46
FNH:42
FNDA:56,(anonymous_0)
FNDA:24,(anonymous_1)
FNDA:35,(anonymous_2)
FNDA:57,(anonymous_3)
FNDA:5,(anonymous_4)
FNDA:57,(anonymous_5)
FNDA:5,(anonymous_6)
FNDA:8,(anonymous_7)
FNDA:8,(anonymous_8)
FNDA:8,(anonymous_9)
FNDA:7,(anonymous_10)
FNDA:4,(anonymous_11)
FNDA:5,(anonymous_12)
FNDA:32,(anonymous_13)
FNDA:14,(anonymous_14)
FNDA:4,(anonymous_15)
FNDA:0,(anonymous_16)
FNDA:0,(anonymous_17)
FNDA:6,(anonymous_18)
FNDA:0,(anonymous_19)
FNDA:6,(anonymous_20)
FNDA:5,(anonymous_21)
FNDA:13,(anonymous_22)
FNDA:1,(anonymous_23)
FNDA:9,(anonymous_24)
FNDA:1,(anonymous_25)
FNDA:9,(anonymous_26)
FNDA:0,(anonymous_27)
FNDA:4,(anonymous_28)
FNDA:153,(anonymous_29)
FNDA:15,(anonymous_30)
FNDA:3,(anonymous_31)
FNDA:2,(anonymous_32)
FNDA:3,(anonymous_33)
FNDA:2,(anonymous_34)
FNDA:3,(anonymous_35)
FNDA:2,(anonymous_36)
FNDA:3,(anonymous_37)
FNDA:2,(anonymous_38)
FNDA:3,(anonymous_39)
FNDA:2,(anonymous_40)
FNDA:1,(anonymous_41)
FNDA:1,(anonymous_42)
FNDA:20,(anonymous_43)
FNDA:56,(anonymous_44)
FNDA:6,(anonymous_45)
DA:1,1
DA:2,1
DA:4,1
DA:9,1
DA:11,1
DA:14,56
DA:15,56
DA:16,56
DA:17,56
DA:18,56
DA:19,56
DA:20,56
DA:40,56
DA:47,56
DA:54,56
DA:67,56
DA:81,56
DA:96,56
DA:107,56
DA:109,21
DA:112,56
DA:113,56
DA:124,24
DA:126,23
DA:127,23
DA:128,23
DA:129,23
DA:133,1
DA:144,35
DA:157,57
DA:167,5
DA:178,57
DA:188,5
DA:200,8
DA:203,5
DA:207,3
DA:219,8
DA:229,8
DA:231,5
DA:235,3
DA:248,7
DA:260,4
DA:262,1
DA:266,3
DA:279,5
DA:291,32
DA:293,27
DA:297,5
DA:310,14
DA:321,4
DA:333,0
DA:335,0
DA:339,0
DA:350,0
DA:352,0
DA:356,0
DA:368,6
DA:377,0
DA:379,0
DA:383,0
DA:394,6
DA:403,5
DA:405,2
DA:409,3
DA:422,13
DA:437,1
DA:451,9
DA:465,1
DA:479,9
DA:495,0
DA:511,4
DA:519,153
DA:532,15
DA:534,0
DA:537,15
DA:539,153
DA:541,153
DA:543,153
DA:545,153
DA:562,3
DA:563,3
DA:574,2
DA:585,3
DA:586,3
DA:597,2
DA:608,3
DA:609,3
DA:620,2
DA:631,3
DA:632,3
DA:643,2
DA:654,3
DA:655,3
DA:666,2
DA:683,1
DA:685,1
DA:686,1
DA:687,1
DA:688,1
DA:689,1
DA:706,1
DA:707,1
DA:708,1
DA:709,1
DA:710,1
DA:724,20
DA:735,56
DA:747,6
LF:108
LH:97
BRDA:107,0,0,21
BRDA:107,0,1,35
BRDA:124,1,0,23
BRDA:124,1,1,1
BRDA:200,2,0,5
BRDA:200,2,1,3
BRDA:229,3,0,5
BRDA:229,3,1,3
BRDA:260,4,0,1
BRDA:260,4,1,3
BRDA:291,5,0,27
BRDA:291,5,1,5
BRDA:333,6,0,0
BRDA:333,6,1,0
BRDA:350,7,0,0
BRDA:350,7,1,0
BRDA:350,8,0,0
BRDA:350,8,1,0
BRDA:377,9,0,0
BRDA:377,9,1,0
BRDA:377,10,0,0
BRDA:377,10,1,0
BRDA:403,11,0,2
BRDA:403,11,1,3
BRDA:403,12,0,5
BRDA:403,12,1,4
BRDA:403,12,2,3
BRDA:532,13,0,0
BRDA:532,13,1,15
BRDA:539,14,0,153
BRDA:539,14,1,0
BRDA:543,15,0,153
BRDA:543,15,1,0
BRDA:724,16,0,20
BRDA:724,16,1,17
BRDA:747,17,0,6
BRDA:747,17,1,6
BRDA:747,17,2,6
BRDA:747,17,3,5
BRDA:747,17,4,4
BRDA:747,17,5,3
BRDA:747,17,6,3
BRDA:747,17,7,3
BRDA:747,17,8,3
BRDA:747,17,9,3
BRDA:747,17,10,3
BRDA:747,17,11,3
BRDA:747,17,12,3
BRDA:747,17,13,3
BRF:49
BRH:36
end_of_record
TN:
SF:/Users/cpaterson/projects/dpe/iab/iabtcf/modules/core/src/TCString.ts
FN:23,(anonymous_0)
FN:35,(anonymous_1)
FN:90,(anonymous_2)
FN:97,(anonymous_3)
FNF:4
FNH:2
FNDA:1,(anonymous_0)
FNDA:20,(anonymous_1)
FNDA:0,(anonymous_2)
FNDA:0,(anonymous_3)
DA:1,1
DA:2,1
DA:3,1
DA:4,1
DA:5,1
DA:8,1
DA:25,1
DA:27,0
DA:30,1
DA:31,1
DA:32,1
DA:33,1
DA:35,1
DA:37,20
DA:39,20
DA:41,1
DA:42,1
DA:43,1
DA:47,19
DA:49,19
DA:50,19
DA:52,19
DA:54,19
DA:58,0
DA:71,1
DA:76,1
DA:79,1
DA:92,0
DA:93,0
DA:94,0
DA:95,0
DA:97,0
DA:99,0
DA:101,0
DA:104,0
DA:105,0
DA:107,0
DA:109,0
DA:115,0
DA:117,0
DA:123,0
DA:125,0
DA:136,0
DA:138,0
DA:142,0
DA:149,0
DA:155,1
LF:47
LH:26
BRDA:25,0,0,0
BRDA:25,0,1,1
BRDA:39,1,0,1
BRDA:39,1,1,19
BRDA:101,2,0,0
BRDA:101,2,1,0
BRDA:107,3,0,0
BRDA:107,3,1,0
BRDA:123,4,0,0
BRDA:123,4,1,0
BRDA:136,5,0,0
BRDA:136,5,1,0
BRDA:136,6,0,0
BRDA:136,6,1,0
BRDA:138,7,0,0
BRDA:138,7,1,0
BRF:16
BRH:3
end_of_record
TN:
SF:/Users/cpaterson/projects/dpe/iab/iabtcf/modules/core/src/errors/DecodingError.ts
FN:14,(anonymous_0)
FNF:1
FNH:1
FNDA:1,(anonymous_0)
DA:16,1
DA:17,1
DA:23,1
LF:3
LH:3
BRF:0
BRH:0
end_of_record
TN:
SF:/Users/cpaterson/projects/dpe/iab/iabtcf/modules/core/src/errors/EncodingError.ts
FN:14,(anonymous_0)
FNF:1
FNH:1
FNDA:7,(anonymous_0)
DA:16,7
DA:17,7
DA:22,1
LF:3
LH:3
BRF:0
BRH:0
end_of_record
TN:
SF:/Users/cpaterson/projects/dpe/iab/iabtcf/modules/core/src/errors/GVLError.ts
FN:14,(anonymous_0)
FNF:1
FNH:1
FNDA:10,(anonymous_0)
DA:16,10
DA:17,10
DA:23,1
LF:3
LH:3
BRF:0
BRH:0
end_of_record
TN:
SF:/Users/cpaterson/projects/dpe/iab/iabtcf/modules/core/src/errors/TCModelError.ts
FN:16,(anonymous_0)
FNF:1
FNH:1
FNDA:24,(anonymous_0)
DA:18,24
DA:19,24
DA:25,1
LF:3
LH:3
BRDA:16,0,0,20
BRF:1
BRH:1
end_of_record
TN:
SF:/Users/cpaterson/projects/dpe/iab/iabtcf/modules/core/src/errors/index.ts
FNF:0
FNH:0
DA:1,1
DA:2,1
DA:3,1
DA:4,1
LF:4
LH:4
BRF:0
BRH:0
end_of_record
TN:
SF:/Users/cpaterson/projects/dpe/iab/iabtcf/modules/core/src/model/BinarySearchTree.ts
FN:7,(anonymous_0)
FN:11,(anonymous_1)
FN:18,(anonymous_2)
FN:110,(anonymous_3)
FN:159,(anonymous_4)
FN:186,(anonymous_5)
FN:208,(anonymous_6)
FN:230,(anonymous_7)
FNF:8
FNH:8
FNDA:63,(anonymous_0)
FNDA:16476,(anonymous_1)
FNDA:16473,(anonymous_2)
FNDA:20,(anonymous_3)
FNDA:16,(anonymous_4)
FNDA:17,(anonymous_5)
FNDA:12,(anonymous_6)
FNDA:19,(anonymous_7)
DA:7,1
DA:9,63
DA:14,16476
DA:21,16473
DA:30,16473
DA:32,62
DA:37,16411
DA:40,16411
DA:43,184424
DA:46,88181
DA:49,8295
DA:52,8295
DA:61,79886
DA:66,96243
DA:69,96242
DA:72,8115
DA:73,8115
DA:83,88127
DA:96,1
DA:112,20
DA:113,20
DA:115,20
DA:117,5395
DA:119,1803
DA:120,1803
DA:125,3592
DA:129,3592
DA:131,3472
DA:135,3592
DA:137,1796
DA:141,1796
DA:142,1796
DA:147,1796
DA:148,1796
DA:155,20
DA:161,16
DA:162,16
DA:164,16
DA:166,98
DA:168,15
DA:169,15
DA:171,83
DA:173,38
DA:175,45
DA:177,45
DA:182,16
DA:190,17
DA:192,59
DA:194,42
DA:198,17
DA:199,17
DA:204,17
DA:212,12
DA:214,52
DA:216,40
DA:220,12
DA:221,12
DA:226,12
DA:233,19
DA:234,19
DA:236,19
DA:239,100
DA:242,44
DA:245,44
DA:246,44
DA:248,56
DA:251,37
DA:254,37
DA:255,37
DA:281,19
DA:284,11
DA:286,7
DA:290,4
DA:294,8
DA:297,2
DA:299,2
DA:303,0
DA:307,6
DA:310,1
DA:312,1
DA:316,0
DA:328,5
DA:331,5
DA:332,5
DA:336,19
LF:85
LH:83
BRDA:30,0,0,62
BRDA:30,0,1,16411
BRDA:43,1,0,88181
BRDA:43,1,1,96243
BRDA:46,2,0,8295
BRDA:46,2,1,79886
BRDA:66,3,0,96242
BRDA:66,3,1,1
BRDA:69,4,0,8115
BRDA:69,4,1,88127
BRDA:117,5,0,1803
BRDA:117,5,1,3592
BRDA:129,6,0,7064
BRDA:129,6,1,5268
BRDA:135,7,0,1796
BRDA:135,7,1,1796
BRDA:166,8,0,15
BRDA:166,8,1,83
BRDA:171,9,0,38
BRDA:171,9,1,45
BRDA:175,10,0,45
BRDA:175,10,1,0
BRDA:186,11,0,12
BRDA:192,12,0,42
BRDA:192,12,1,17
BRDA:208,13,0,12
BRDA:214,14,0,40
BRDA:214,14,1,12
BRDA:230,15,0,14
BRDA:239,16,0,44
BRDA:239,16,1,56
BRDA:248,17,0,37
BRDA:248,17,1,19
BRDA:281,18,0,11
BRDA:281,18,1,8
BRDA:281,19,0,19
BRDA:281,19,1,13
BRDA:284,20,0,7
BRDA:284,20,1,4
BRDA:294,21,0,2
BRDA:294,21,1,6
BRDA:297,22,0,2
BRDA:297,22,1,0
BRDA:307,23,0,1
BRDA:307,23,1,5
BRDA:310,24,0,1
BRDA:310,24,1,0
BRF:47
BRH:44
end_of_record
TN:
SF:/Users/cpaterson/projects/dpe/iab/iabtcf/modules/core/src/model/PurposeRestriction.ts
FN:21,(anonymous_0)
FN:35,(anonymous_1)
FN:52,(anonymous_2)
FN:68,(anonymous_3)
FN:78,(anonymous_4)
FN:92,(anonymous_5)
FN:97,(anonymous_6)
FNF:7
FNH:7
FNDA:40,(anonymous_0)
FNDA:12,(anonymous_1)
FNDA:82,(anonymous_2)
FNDA:176,(anonymous_3)
FNDA:38,(anonymous_4)
FNDA:83,(anonymous_5)
FNDA:2,(anonymous_6)
DA:1,1
DA:4,1
DA:6,1
DA:7,1
DA:23,40
DA:25,21
DA:28,40
DA:30,20
DA:37,12
DA:38,12
DA:40,12
DA:42,1
DA:46,11
DA:47,11
DA:49,11
DA:54,82
DA:56,1
DA:59,81
DA:70,176
DA:80,38
DA:82,33
DA:86,5
DA:94,83
DA:99,2
LF:24
LH:24
BRDA:23,0,0,21
BRDA:23,0,1,19
BRDA:28,1,0,20
BRDA:28,1,1,20
BRDA:40,2,0,1
BRDA:40,2,1,11
BRDA:54,3,0,1
BRDA:54,3,1,81
BRDA:80,4,0,33
BRDA:80,4,1,5
BRDA:80,5,0,38
BRDA:80,5,1,37
BRDA:94,6,0,83
BRDA:94,6,1,83
BRDA:99,7,0,2
BRDA:99,7,1,2
BRF:16
BRH:16
end_of_record
TN:
SF:/Users/cpaterson/projects/dpe/iab/iabtcf/modules/core/src/model/PurposeRestrictionVector.ts
FN:3,(anonymous_0)
FN:24,(anonymous_1)
FN:30,(anonymous_2)
FN:44,(anonymous_3)
FN:52,(anonymous_4)
FN:56,(anonymous_5)
FN:70,(anonymous_6)
FN:74,(anonymous_7)
FN:84,(anonymous_8)
FN:103,(anonymous_9)
FN:108,(anonymous_10)
FNF:11
FNH:11
FNDA:66,(anonymous_0)
FNDA:51,(anonymous_1)
FNDA:44,(anonymous_2)
FNDA:7,(anonymous_3)
FNDA:5,(anonymous_4)
FNDA:4,(anonymous_5)
FNDA:2,(anonymous_6)
FNDA:7,(anonymous_7)
FNDA:3,(anonymous_8)
FNDA:6,(anonymous_9)
FNDA:3,(anonymous_10)
DA:1,1
DA:2,1
DA:3,1
DA:22,66
DA:26,51
DA:32,44
DA:34,44
DA:36,11
DA:40,44
DA:46,7
DA:48,7
DA:54,5
DA:56,5
DA:58,4
DA:60,3
DA:66,5
DA:72,2
DA:74,2
DA:76,7
DA:80,2
DA:86,3
DA:87,3
DA:89,3
DA:91,2
DA:94,2
DA:96,1
DA:105,6
DA:110,3
LF:28
LH:28
BRDA:34,0,0,11
BRDA:34,0,1,33
BRDA:48,1,0,5
BRDA:48,1,1,2
BRDA:58,2,0,3
BRDA:58,2,1,1
BRDA:89,3,0,2
BRDA:89,3,1,1
BRDA:94,4,0,1
BRDA:94,4,1,1
BRF:10
BRH:10
end_of_record
TN:
SF:/Users/cpaterson/projects/dpe/iab/iabtcf/modules/core/src/model/RestrictionType.ts
FN:6,(anonymous_0)
FNF:1
FNH:1
FNDA:1,(anonymous_0)
DA:6,1
DA:11,1
DA:16,1
DA:21,1
LF:4
LH:4
BRDA:6,0,0,1
BRDA:6,0,1,1
BRF:2
BRH:2
end_of_record
TN:
SF:/Users/cpaterson/projects/dpe/iab/iabtcf/modules/core/src/model/Vector.ts
FN:22,(anonymous_0)
FN:37,(anonymous_1)
FN:49,(anonymous_2)
FN:63,(anonymous_3)
FN:67,(anonymous_4)
FN:80,(anonymous_5)
FN:100,(anonymous_6)
FN:104,(anonymous_7)
FN:123,(anonymous_8)
FN:140,(anonymous_9)
FNF:10
FNH:10
FNDA:310,(anonymous_0)
FNDA:4264,(anonymous_1)
FNDA:4109,(anonymous_2)
FNDA:105,(anonymous_3)
FNDA:2,(anonymous_4)
FNDA:7,(anonymous_5)
FNDA:2145,(anonymous_6)
FNDA:28,(anonymous_7)
FNDA:25,(anonymous_8)
FNDA:25,(anonymous_9)
DA:1,1
DA:10,310
DA:14,310
DA:24,310
DA:26,1
DA:39,4264
DA:54,4109
DA:65,105
DA:67,2
DA:71,104
DA:73,104
DA:79,3
DA:80,3
DA:82,7
DA:102,2145
DA:104,28
DA:108,2141
DA:113,0
DA:117,2141
DA:118,2141
DA:125,25
DA:142,25
DA:144,1951
DA:151,1
LF:24
LH:23
BRDA:24,0,0,1
BRDA:24,0,1,309
BRDA:65,1,0,1
BRDA:65,1,1,104
BRDA:73,2,0,3
BRDA:73,2,1,101
BRDA:102,3,0,4
BRDA:102,3,1,2141
BRDA:108,4,0,0
BRDA:108,4,1,2141
BRDA:108,5,0,2141
BRDA:108,5,1,2141
BRF:12
BRH:11
end_of_record
TN:
SF:/Users/cpaterson/projects/dpe/iab/iabtcf/modules/core/src/tcstring/Base64Url.ts
FN:118,(anonymous_0)
FN:168,(anonymous_1)
FNF:2
FNH:2
FNDA:7,(anonymous_0)
FNDA:6,(anonymous_1)
DA:31,1
DA:37,1
DA:39,1
DA:109,1
DA:123,7
DA:125,0
DA:129,7
DA:130,7
DA:132,7
DA:135,284
DA:143,284
DA:146,284
DA:153,284
DA:157,7
DA:173,6
DA:175,0
DA:179,6
DA:180,6
DA:182,6
DA:185,231
DA:192,231
DA:194,231
DA:199,6
LF:23
LH:21
BRDA:123,0,0,0
BRDA:123,0,1,7
BRDA:173,1,0,0
BRDA:173,1,1,6
BRF:4
BRH:2
end_of_record
TN:
SF:/Users/cpaterson/projects/dpe/iab/iabtcf/modules/core/src/tcstring/BitLength.ts
FNF:0
FNH:0
DA:3,1
DA:4,1
DA:5,1
DA:6,1
DA:7,1
DA:8,1
DA:9,1
DA:10,1
DA:11,1
DA:12,1
DA:13,1
DA:14,1
DA:15,1
DA:16,1
DA:17,1
DA:18,1
DA:19,1
DA:20,1
DA:21,1
DA:22,1
DA:23,1
DA:27,1
LF:22
LH:22
BRF:0
BRH:0
end_of_record
TN:
SF:/Users/cpaterson/projects/dpe/iab/iabtcf/modules/core/src/tcstring/Checksum.ts
FN:50,(anonymous_0)
FNF:1
FNH:1
FNDA:1,(anonymous_0)
DA:1,1
DA:3,1
DA:38,1
DA:52,1
DA:54,0
DA:58,1
DA:59,1
DA:62,1
DA:64,1
DA:66,37
DA:68,37
DA:73,1
DA:76,1
DA:79,1
DA:82,1
LF:15
LH:14
BRDA:50,0,0,0
BRDA:52,1,0,0
BRDA:52,1,1,1
BRDA:76,2,0,1
BRDA:76,2,1,0
BRF:5
BRH:2
end_of_record
TN:
SF:/Users/cpaterson/projects/dpe/iab/iabtcf/modules/core/src/tcstring/Encodings.ts
FNF:0
FNH:0
DA:1,1
DA:2,1
DA:4,1
DA:13,1
DA:54,1
DA:76,1
LF:6
LH:6
BRF:0
BRH:0
end_of_record
TN:
SF:/Users/cpaterson/projects/dpe/iab/iabtcf/modules/core/src/tcstring/VectorEncodingType.ts
FN:1,(anonymous_0)
FNF:1
FNH:1
FNDA:1,(anonymous_0)
DA:1,1
DA:2,1
DA:3,1
LF:3
LH:3
BRDA:1,0,0,1
BRDA:1,0,1,1
BRF:2
BRH:2
end_of_record
TN:
SF:/Users/cpaterson/projects/dpe/iab/iabtcf/modules/core/src/tcstring/decoders/BooleanDecoder.ts
FN:5,(anonymous_0)
FNF:1
FNH:1
FNDA:119,(anonymous_0)
DA:8,119
DA:13,1
LF:2
LH:2
BRF:0
BRH:0
end_of_record
TN:
SF:/Users/cpaterson/projects/dpe/iab/iabtcf/modules/core/src/tcstring/decoders/DateDecoder.ts
FN:6,(anonymous_0)
FNF:1
FNH:1
FNDA:1,(anonymous_0)
DA:1,1
DA:4,1
DA:8,1
DA:9,1
DA:11,1
DA:13,1
LF:6
LH:6
BRF:0
BRH:0
end_of_record
TN:
SF:/Users/cpaterson/projects/dpe/iab/iabtcf/modules/core/src/tcstring/decoders/FixedVectorDecoder.ts
FN:7,(anonymous_0)
FNF:1
FNH:1
FNDA:5,(anonymous_0)
DA:1,1
DA:3,1
DA:5,1
DA:9,5
DA:10,5
DA:12,5
DA:14,103
DA:16,89
DA:22,5
LF:9
LH:9
BRDA:14,0,0,89
BRDA:14,0,1,14
BRF:2
BRH:2
end_of_record
TN:
SF:/Users/cpaterson/projects/dpe/iab/iabtcf/modules/core/src/tcstring/decoders/IntDecoder.ts
FN:5,(anonymous_0)
FNF:1
FNH:1
FNDA:47,(anonymous_0)
DA:7,47
DA:13,1
LF:2
LH:2
BRF:0
BRH:0
end_of_record
TN:
SF:/Users/cpaterson/projects/dpe/iab/iabtcf/modules/core/src/tcstring/decoders/LangDecoder.ts
FN:7,(anonymous_0)
FNF:1
FNH:1
FNDA:2,(anonymous_0)
DA:1,1
DA:3,1
DA:12,2
DA:14,1
DA:15,1
DA:16,1
DA:17,1
DA:18,1
DA:21,1
DA:25,1
DA:29,1
DA:34,1
LF:12
LH:12
BRDA:12,0,0,1
BRDA:12,0,1,1
BRF:2
BRH:2
end_of_record
TN:
SF:/Users/cpaterson/projects/dpe/iab/iabtcf/modules/core/src/tcstring/decoders/PurposeRestrictionsDecoder.ts
FN:6,(anonymous_0)
FNF:1
FNH:0
FNDA:0,(anonymous_0)
DA:2,1
DA:4,1
DA:8,0
DA:10,0
LF:4
LH:2
BRF:0
BRH:0
end_of_record
TN:
SF:/Users/cpaterson/projects/dpe/iab/iabtcf/modules/core/src/tcstring/decoders/VendorVectorDecoder.ts
FN:13,(anonymous_0)
FN:132,(anonymous_1)
FNF:2
FNH:1
FNDA:9,(anonymous_0)
FNDA:0,(anonymous_1)
DA:2,1
DA:3,1
DA:4,1
DA:5,1
DA:6,1
DA:7,1
DA:9,1
DA:15,9
DA:16,9
DA:19,9
DA:21,9
DA:23,9
DA:25,9
DA:27,9
DA:32,9
DA:34,5
DA:36,5
DA:37,5
DA:40,5
DA:42,1
DA:44,100
DA:50,5
DA:52,5
DA:55,5
DA:58,9
DA:60,9
DA:66,9
DA:68,9
DA:71,9
DA:73,9
DA:75,9
DA:78,9
DA:85,741
DA:87,99
DA:91,642
DA:103,0
DA:105,0
DA:109,0
DA:120,4
DA:121,4
DA:123,4
DA:124,4
DA:128,9
DA:134,0
LF:44
LH:40
BRDA:32,0,0,5
BRDA:32,0,1,4
BRDA:40,1,0,1
BRDA:40,1,1,4
BRDA:71,2,0,9
BRDA:71,2,1,0
BRDA:85,3,0,99
BRDA:85,3,1,642
BRDA:103,4,0,0
BRDA:103,4,1,0
BRF:10
BRH:7
end_of_record
TN:
SF:/Users/cpaterson/projects/dpe/iab/iabtcf/modules/core/src/tcstring/decoders/index.ts
FNF:0
FNH:0
DA:1,1
DA:2,1
DA:3,1
DA:4,1
DA:5,1
DA:6,1
DA:7,1
LF:7
LH:7
BRF:0
BRH:0
end_of_record
TN:
SF:/Users/cpaterson/projects/dpe/iab/iabtcf/modules/core/src/tcstring/encoders/BooleanEncoder.ts
FN:5,(anonymous_0)
FNF:1
FNH:1
FNDA:1195,(anonymous_0)
DA:7,1195
DA:12,1
LF:2
LH:2
BRF:0
BRH:0
end_of_record
TN:
SF:/Users/cpaterson/projects/dpe/iab/iabtcf/modules/core/src/tcstring/encoders/DateEncoder.ts
FN:6,(anonymous_0)
FNF:1
FNH:1
FNDA:5,(anonymous_0)
DA:1,1
DA:4,1
DA:8,5
DA:10,5
LF:4
LH:4
BRF:0
BRH:0
end_of_record
TN:
SF:/Users/cpaterson/projects/dpe/iab/iabtcf/modules/core/src/tcstring/encoders/FixedVectorEncoder.ts
FN:7,(anonymous_0)
FNF:1
FNH:1
FNDA:4,(anonymous_0)
DA:1,1
DA:5,1
DA:9,4
DA:10,4
DA:12,4
DA:14,70
DA:18,4
LF:7
LH:7
BRF:0
BRH:0
end_of_record
TN:
SF:/Users/cpaterson/projects/dpe/iab/iabtcf/modules/core/src/tcstring/encoders/IntEncoder.ts
FN:6,(anonymous_0)
FNF:1
FNH:1
FNDA:89,(anonymous_0)
DA:1,1
DA:8,89
DA:10,89
DA:12,4
DA:17,85
DA:20,83
DA:24,85
DA:30,1
LF:8
LH:8
BRDA:10,0,0,4
BRDA:10,0,1,85
BRDA:10,1,0,89
BRDA:10,1,1,86
BRDA:17,2,0,83
BRDA:17,2,1,2
BRF:6
BRH:6
end_of_record
TN:
SF:/Users/cpaterson/projects/dpe/iab/iabtcf/modules/core/src/tcstring/encoders/LangEncoder.ts
FN:7,(anonymous_0)
FNF:1
FNH:1
FNDA:14,(anonymous_0)
DA:1,1
DA:3,1
DA:9,14
DA:10,14
DA:12,14
DA:13,14
DA:15,14
DA:18,14
DA:20,2
DA:23,12
DA:25,1
DA:29,11
DA:30,11
DA:31,10
DA:33,10
DA:38,1
LF:16
LH:16
BRDA:18,0,0,2
BRDA:18,0,1,12
BRDA:18,1,0,14
BRDA:18,1,1,13
BRDA:18,1,2,12
BRDA:18,1,3,12
BRDA:23,2,0,1
BRDA:23,2,1,11
BRF:8
BRH:8
end_of_record
TN:
SF:/Users/cpaterson/projects/dpe/iab/iabtcf/modules/core/src/tcstring/encoders/PurposeRestrictionsEncoder.ts
FN:10,(anonymous_0)
FN:24,(anonymous_1)
FNF:2
FNH:2
FNDA:3,(anonymous_0)
FNDA:1,(anonymous_1)
DA:2,1
DA:3,1
DA:4,1
DA:8,1
DA:12,3
DA:15,3
DA:17,1
DA:18,1
DA:21,1
DA:24,1
DA:27,1
DA:28,1
DA:31,1
DA:32,1
DA:37,1
DA:38,1
DA:39,1
DA:41,1
DA:43,10
DA:45,10
DA:47,2
DA:48,2
DA:53,10
DA:59,2
DA:62,2
DA:63,2
DA:65,2
DA:67,2
DA:72,2
DA:82,1
DA:83,1
DA:89,3
LF:32
LH:32
BRDA:15,0,0,1
BRDA:15,0,1,2
BRDA:45,1,0,2
BRDA:45,1,1,8
BRDA:53,2,0,2
BRDA:53,2,1,8
BRDA:53,3,0,10
BRDA:53,3,1,9
BRDA:65,4,0,2
BRDA:65,4,1,0
BRF:10
BRH:9
end_of_record
TN:
SF:/Users/cpaterson/projects/dpe/iab/iabtcf/modules/core/src/tcstring/encoders/VendorVectorEncoder.ts
FN:8,(anonymous_0)
FN:17,(anonymous_1)
FN:27,(anonymous_2)
FN:96,(anonymous_3)
FN:108,(anonymous_4)
FN:132,(anonymous_5)
FN:137,(anonymous_6)
FNF:7
FNH:7
FNDA:15,(anonymous_0)
FNDA:15,(anonymous_1)
FNDA:1099,(anonymous_2)
FNDA:7,(anonymous_3)
FNDA:12,(anonymous_4)
FNDA:15,(anonymous_5)
FNDA:38,(anonymous_6)
DA:2,1
DA:3,1
DA:4,1
DA:5,1
DA:8,1
DA:10,1
DA:11,15
DA:12,15
DA:19,15
DA:20,15
DA:22,15
DA:23,15
DA:25,15
DA:27,15
DA:30,1099
DA:36,1099
DA:41,1048
DA:44,1048
DA:50,38
DA:53,38
DA:56,38
DA:58,1010
DA:61,31
DA:70,15
DA:75,15
DA:78,15
DA:80,15
DA:82,7
DA:86,8
DA:90,15
DA:92,15
DA:98,7
DA:101,7
DA:104,7
DA:108,7
DA:111,12
DA:115,12
DA:118,12
DA:120,12
DA:123,12
DA:129,7
DA:135,15
DA:137,15
DA:139,38
DA:141,38
DA:142,38
DA:146,15
LF:47
LH:47
BRDA:36,0,0,1048
BRDA:36,0,1,51
BRDA:44,1,0,38
BRDA:44,1,1,1010
BRDA:58,2,0,31
BRDA:58,2,1,979
BRDA:71,3,0,7
BRDA:71,3,1,8
BRDA:80,4,0,7
BRDA:80,4,1,8
BRDA:120,5,0,12
BRDA:120,5,1,0
BRDA:142,6,0,7
BRDA:142,6,1,31
BRF:14
BRH:13
end_of_record
TN:
SF:/Users/cpaterson/projects/dpe/iab/iabtcf/modules/core/src/tcstring/encoders/index.ts
FNF:0
FNH:0
DA:1,1
DA:2,1
DA:3,1
DA:4,1
DA:5,1
DA:6,1
DA:7,1
LF:7
LH:7
BRF:0
BRH:0
end_of_record
TN:
SF:/Users/cpaterson/projects/dpe/iab/iabtcf/modules/core/test/support/XMLHttpTestTools.ts
FN:9,(anonymous_1)
FN:14,(anonymous_2)
FN:21,(anonymous_3)
FNF:3
FNH:3
FNDA:25,(anonymous_1)
FNDA:8,(anonymous_2)
FNDA:25,(anonymous_3)
DA:1,1
DA:5,1
DA:11,25
DA:12,25
DA:14,25
DA:16,8
DA:23,25
DA:29,1
LF:8
LH:8
BRF:0
BRH:0
end_of_record
TN:
SF:/Users/cpaterson/projects/dpe/iab/iabtcf/modules/core/test/support/makeRandomInt.ts
FN:1,makeRandomInt
FNF:1
FNH:1
FNDA:45,makeRandomInt
DA:1,1
DA:3,45
LF:2
LH:2
BRF:0
BRH:0
end_of_record
